<?xml version="1.0" encoding="UTF-8"?>
<testng-results skipped="0" failed="0" total="1" passed="1">
  <reporter-output>
  </reporter-output>
  <suite name="Surefire suite" duration-ms="4351" started-at="2017-11-27T11:30:36Z" finished-at="2017-11-27T11:30:41Z">
    <groups>
    </groups>
    <test name="Surefire test" duration-ms="4351" started-at="2017-11-27T11:30:36Z" finished-at="2017-11-27T11:30:41Z">
      <class name="com.frenchies.tennisclub.service.BeanMappingServiceTest">
        <test-method status="PASS" signature="springTestContextBeforeTestClass()[pri:0, instance:com.frenchies.tennisclub.service.BeanMappingServiceTest@396e2f39]" name="springTestContextBeforeTestClass" is-config="true" duration-ms="5" started-at="2017-11-27T12:30:36Z" finished-at="2017-11-27T12:30:36Z">
          <reporter-output>
          </reporter-output>
        </test-method> <!-- springTestContextBeforeTestClass -->
        <test-method status="PASS" signature="springTestContextPrepareTestInstance()[pri:0, instance:com.frenchies.tennisclub.service.BeanMappingServiceTest@396e2f39]" name="springTestContextPrepareTestInstance" is-config="true" duration-ms="4095" started-at="2017-11-27T12:30:36Z" depends-on-methods="org.springframework.test.context.testng.AbstractTestNGSpringContextTests.springTestContextBeforeTestClass" finished-at="2017-11-27T12:30:40Z">
          <reporter-output>
          </reporter-output>
        </test-method> <!-- springTestContextPrepareTestInstance -->
        <test-method status="PASS" signature="springTestContextBeforeTestMethod(java.lang.reflect.Method)[pri:0, instance:com.frenchies.tennisclub.service.BeanMappingServiceTest@396e2f39]" name="springTestContextBeforeTestMethod" is-config="true" duration-ms="129" started-at="2017-11-27T12:30:40Z" finished-at="2017-11-27T12:30:41Z">
          <params>
            <param index="0">
              <value>
                <![CDATA[public void com.frenchies.tennisclub.service.BeanMappingServiceTest.mapping()]]>
              </value>
            </param>
          </params>
          <reporter-output>
          </reporter-output>
        </test-method> <!-- springTestContextBeforeTestMethod -->
        <test-method status="PASS" signature="mapping()[pri:0, instance:com.frenchies.tennisclub.service.BeanMappingServiceTest@396e2f39]" name="mapping" duration-ms="100" started-at="2017-11-27T12:30:41Z" finished-at="2017-11-27T12:30:41Z">
          <reporter-output>
          </reporter-output>
        </test-method> <!-- mapping -->
        <test-method status="PASS" signature="springTestContextAfterTestMethod(java.lang.reflect.Method)[pri:0, instance:com.frenchies.tennisclub.service.BeanMappingServiceTest@396e2f39]" name="springTestContextAfterTestMethod" is-config="true" duration-ms="12" started-at="2017-11-27T12:30:41Z" finished-at="2017-11-27T12:30:41Z">
          <params>
            <param index="0">
              <value>
                <![CDATA[public void com.frenchies.tennisclub.service.BeanMappingServiceTest.mapping()]]>
              </value>
            </param>
          </params>
          <reporter-output>
          </reporter-output>
        </test-method> <!-- springTestContextAfterTestMethod -->
        <test-method status="PASS" signature="springTestContextAfterTestClass()[pri:0, instance:com.frenchies.tennisclub.service.BeanMappingServiceTest@396e2f39]" name="springTestContextAfterTestClass" is-config="true" duration-ms="0" started-at="2017-11-27T12:30:41Z" finished-at="2017-11-27T12:30:41Z">
          <reporter-output>
          </reporter-output>
        </test-method> <!-- springTestContextAfterTestClass -->
      </class> <!-- com.frenchies.tennisclub.service.BeanMappingServiceTest -->
    </test> <!-- Surefire test -->
  </suite> <!-- Surefire suite -->
</testng-results>
