<?xml version="1.0" encoding="UTF-8"?>
<testsuite name="TestSuite" time="0.086" tests="3" errors="0" skipped="1" failures="1">
  <properties>
[...]
</properties>
  <testcase name="changeType" classname="com.frenchies.tennisclub.service.CourtServiceTest" time="0">
    <skipped/>
    <system-out><![CDATA[Configuring TestNG with: TestNG652Configurator
13:41:23.066 [main] DEBUG o.s.test.context.BootstrapUtils - Instantiating TestContextBootstrapper from class [org.springframework.test.context.support.DefaultTestContextBootstrapper]
13:41:23.086 [main] DEBUG o.s.t.c.s.AbstractDelegatingSmartContextLoader - Delegating to AnnotationConfigContextLoader to process context configuration [ContextConfigurationAttributes@1500955a declaringClass = 'com.frenchies.tennisclub.service.BookingServiceTest', classes = '{class com.frenchies.tennisclub.service.config.ServiceConfiguration}', locations = '{}', inheritLocations = true, initializers = '{}', inheritInitializers = true, name = [null], contextLoaderClass = 'org.springframework.test.context.ContextLoader'].
13:41:23.087 [main] DEBUG o.s.t.c.support.ActiveProfilesUtils - Could not find an 'annotation declaring class' for annotation type [org.springframework.test.context.ActiveProfiles] and class [com.frenchies.tennisclub.service.BookingServiceTest]
13:41:23.093 [main] INFO  o.s.t.c.s.DefaultTestContextBootstrapper - Could not instantiate TestExecutionListener [org.springframework.test.context.web.ServletTestExecutionListener]. Specify custom listener classes or make the default listener classes (and their required dependencies) available. Offending class: [javax/servlet/ServletContext]
13:41:23.103 [main] INFO  o.s.t.c.s.DefaultTestContextBootstrapper - Using TestExecutionListeners: [org.springframework.test.context.support.DependencyInjectionTestExecutionListener@7cbd213e, org.springframework.test.context.support.DirtiesContextTestExecutionListener@192d3247, org.springframework.test.context.transaction.TransactionalTestExecutionListener@3ecd23d9]
13:41:23.104 [main] DEBUG o.s.test.context.BootstrapUtils - Instantiating TestContextBootstrapper from class [org.springframework.test.context.support.DefaultTestContextBootstrapper]
13:41:23.105 [main] DEBUG o.s.t.c.s.AbstractDelegatingSmartContextLoader - Delegating to AnnotationConfigContextLoader to process context configuration [ContextConfigurationAttributes@64f6106c declaringClass = 'com.frenchies.tennisclub.service.CourtServiceTest', classes = '{class com.frenchies.tennisclub.service.config.ServiceConfiguration}', locations = '{}', inheritLocations = true, initializers = '{}', inheritInitializers = true, name = [null], contextLoaderClass = 'org.springframework.test.context.ContextLoader'].
13:41:23.106 [main] DEBUG o.s.t.c.support.ActiveProfilesUtils - Could not find an 'annotation declaring class' for annotation type [org.springframework.test.context.ActiveProfiles] and class [com.frenchies.tennisclub.service.CourtServiceTest]
13:41:23.108 [main] INFO  o.s.t.c.s.DefaultTestContextBootstrapper - Could not instantiate TestExecutionListener [org.springframework.test.context.web.ServletTestExecutionListener]. Specify custom listener classes or make the default listener classes (and their required dependencies) available. Offending class: [javax/servlet/ServletContext]
13:41:23.108 [main] INFO  o.s.t.c.s.DefaultTestContextBootstrapper - Using TestExecutionListeners: [org.springframework.test.context.support.DependencyInjectionTestExecutionListener@553a3d88, org.springframework.test.context.support.DirtiesContextTestExecutionListener@7a30d1e6, org.springframework.test.context.transaction.TransactionalTestExecutionListener@5891e32e]
13:41:23.109 [main] DEBUG o.s.test.context.BootstrapUtils - Instantiating TestContextBootstrapper from class [org.springframework.test.context.support.DefaultTestContextBootstrapper]
13:41:23.110 [main] DEBUG o.s.t.c.s.AbstractDelegatingSmartContextLoader - Delegating to AnnotationConfigContextLoader to process context configuration [ContextConfigurationAttributes@cb0ed20 declaringClass = 'com.frenchies.tennisclub.service.BeanMappingServiceTest', classes = '{class com.frenchies.tennisclub.service.config.ServiceConfiguration}', locations = '{}', inheritLocations = true, initializers = '{}', inheritInitializers = true, name = [null], contextLoaderClass = 'org.springframework.test.context.ContextLoader'].
13:41:23.111 [main] DEBUG o.s.t.c.support.ActiveProfilesUtils - Could not find an 'annotation declaring class' for annotation type [org.springframework.test.context.ActiveProfiles] and class [com.frenchies.tennisclub.service.BeanMappingServiceTest]
13:41:23.112 [main] INFO  o.s.t.c.s.DefaultTestContextBootstrapper - Could not instantiate TestExecutionListener [org.springframework.test.context.web.ServletTestExecutionListener]. Specify custom listener classes or make the default listener classes (and their required dependencies) available. Offending class: [javax/servlet/ServletContext]
13:41:23.112 [main] INFO  o.s.t.c.s.DefaultTestContextBootstrapper - Using TestExecutionListeners: [org.springframework.test.context.support.DependencyInjectionTestExecutionListener@8e24743, org.springframework.test.context.support.DirtiesContextTestExecutionListener@74a10858, org.springframework.test.context.transaction.TransactionalTestExecutionListener@23fe1d71]
13:41:23.183 [main] DEBUG o.s.t.c.s.DependencyInjectionTestExecutionListener - Performing dependency injection for test context [[DefaultTestContext@dbd940d testClass = CourtServiceTest, testInstance = com.frenchies.tennisclub.service.CourtServiceTest@2f0a87b3, testMethod = [null], testException = [null], mergedContextConfiguration = [MergedContextConfiguration@71d15f18 testClass = CourtServiceTest, locations = '{}', classes = '{class com.frenchies.tennisclub.service.config.ServiceConfiguration}', contextInitializerClasses = '[]', activeProfiles = '{}', propertySourceLocations = '{}', propertySourceProperties = '{}', contextLoader = 'org.springframework.test.context.support.DelegatingSmartContextLoader', parent = [null]]]].
13:41:23.183 [main] DEBUG o.s.t.c.s.AbstractDelegatingSmartContextLoader - Delegating to AnnotationConfigContextLoader to load context from [MergedContextConfiguration@71d15f18 testClass = CourtServiceTest, locations = '{}', classes = '{class com.frenchies.tennisclub.service.config.ServiceConfiguration}', contextInitializerClasses = '[]', activeProfiles = '{}', propertySourceLocations = '{}', propertySourceProperties = '{}', contextLoader = 'org.springframework.test.context.support.DelegatingSmartContextLoader', parent = [null]].
13:41:23.184 [main] DEBUG o.s.t.c.s.AbstractGenericContextLoader - Loading ApplicationContext for merged context configuration [[MergedContextConfiguration@71d15f18 testClass = CourtServiceTest, locations = '{}', classes = '{class com.frenchies.tennisclub.service.config.ServiceConfiguration}', contextInitializerClasses = '[]', activeProfiles = '{}', propertySourceLocations = '{}', propertySourceProperties = '{}', contextLoader = 'org.springframework.test.context.support.DelegatingSmartContextLoader', parent = [null]]].
13:41:23.245 [main] DEBUG o.s.core.env.StandardEnvironment - Adding [systemProperties] PropertySource with lowest search precedence
13:41:23.246 [main] DEBUG o.s.core.env.StandardEnvironment - Adding [systemEnvironment] PropertySource with lowest search precedence
13:41:23.247 [main] DEBUG o.s.core.env.StandardEnvironment - Initialized StandardEnvironment with PropertySources [systemProperties,systemEnvironment]
13:41:23.247 [main] DEBUG o.s.t.c.s.AnnotationConfigContextLoader - Registering annotated classes: {class com.frenchies.tennisclub.service.config.ServiceConfiguration}
13:41:23.275 [main] INFO  o.s.c.s.GenericApplicationContext - Refreshing org.springframework.context.support.GenericApplicationContext@71a794e5: startup date [Sun Nov 26 13:41:23 CET 2017]; root of context hierarchy
13:41:23.276 [main] DEBUG o.s.c.s.GenericApplicationContext - Bean factory for org.springframework.context.support.GenericApplicationContext@71a794e5: org.springframework.beans.factory.support.DefaultListableBeanFactory@769f71a9: defining beans [org.springframework.context.annotation.internalConfigurationAnnotationProcessor,org.springframework.context.annotation.internalAutowiredAnnotationProcessor,org.springframework.context.annotation.internalRequiredAnnotationProcessor,org.springframework.context.annotation.internalCommonAnnotationProcessor,org.springframework.context.annotation.internalPersistenceAnnotationProcessor,serviceConfiguration]; root of factory hierarchy
13:41:23.285 [main] DEBUG o.s.b.f.s.DefaultListableBeanFactory - Creating shared instance of singleton bean 'org.springframework.context.annotation.internalConfigurationAnnotationProcessor'
13:41:23.285 [main] DEBUG o.s.b.f.s.DefaultListableBeanFactory - Creating instance of bean 'org.springframework.context.annotation.internalConfigurationAnnotationProcessor'
13:41:23.295 [main] DEBUG o.s.b.f.s.DefaultListableBeanFactory - Eagerly caching bean 'org.springframework.context.annotation.internalConfigurationAnnotationProcessor' to allow for resolving potential circular references
13:41:23.296 [main] DEBUG o.s.b.f.s.DefaultListableBeanFactory - Finished creating instance of bean 'org.springframework.context.annotation.internalConfigurationAnnotationProcessor'
13:41:23.313 [main] DEBUG o.s.core.env.StandardEnvironment - Adding [systemProperties] PropertySource with lowest search precedence
13:41:23.314 [main] DEBUG o.s.core.env.StandardEnvironment - Adding [systemEnvironment] PropertySource with lowest search precedence
13:41:23.314 [main] DEBUG o.s.core.env.StandardEnvironment - Initialized StandardEnvironment with PropertySources [systemProperties,systemEnvironment]
13:41:23.319 [main] DEBUG o.s.c.a.ClassPathBeanDefinitionScanner - JSR-330 'javax.inject.Named' annotation found and supported for component scanning
13:41:23.324 [main] DEBUG o.s.c.i.s.PathMatchingResourcePatternResolver - Looking for matching resources in directory tree [/home/val/Documents/M2_Masaryk/Java/Seminars/project/tennisClub/tennisclubproject/tennisclub-service/target/test-classes/com/frenchies/tennisclub/service]
13:41:23.324 [main] DEBUG o.s.c.i.s.PathMatchingResourcePatternResolver - Searching directory [/home/val/Documents/M2_Masaryk/Java/Seminars/project/tennisClub/tennisclubproject/tennisclub-service/target/test-classes/com/frenchies/tennisclub/service] for files matching pattern [/home/val/Documents/M2_Masaryk/Java/Seminars/project/tennisClub/tennisclubproject/tennisclub-service/target/test-classes/com/frenchies/tennisclub/service/**/*.class]
13:41:23.327 [main] DEBUG o.s.c.i.s.PathMatchingResourcePatternResolver - Looking for matching resources in directory tree [/home/val/Documents/M2_Masaryk/Java/Seminars/project/tennisClub/tennisclubproject/tennisclub-service/target/classes/com/frenchies/tennisclub/service]
13:41:23.327 [main] DEBUG o.s.c.i.s.PathMatchingResourcePatternResolver - Searching directory [/home/val/Documents/M2_Masaryk/Java/Seminars/project/tennisClub/tennisclubproject/tennisclub-service/target/classes/com/frenchies/tennisclub/service] for files matching pattern [/home/val/Documents/M2_Masaryk/Java/Seminars/project/tennisClub/tennisclubproject/tennisclub-service/target/classes/com/frenchies/tennisclub/service/**/*.class]
13:41:23.338 [main] DEBUG o.s.c.i.s.PathMatchingResourcePatternResolver - Searching directory [/home/val/Documents/M2_Masaryk/Java/Seminars/project/tennisClub/tennisclubproject/tennisclub-service/target/classes/com/frenchies/tennisclub/service/config] for files matching pattern [/home/val/Documents/M2_Masaryk/Java/Seminars/project/tennisClub/tennisclubproject/tennisclub-service/target/classes/com/frenchies/tennisclub/service/**/*.class]
13:41:23.339 [main] DEBUG o.s.c.i.s.PathMatchingResourcePatternResolver - Searching directory [/home/val/Documents/M2_Masaryk/Java/Seminars/project/tennisClub/tennisclubproject/tennisclub-service/target/classes/com/frenchies/tennisclub/service/facade] for files matching pattern [/home/val/Documents/M2_Masaryk/Java/Seminars/project/tennisClub/tennisclubproject/tennisclub-service/target/classes/com/frenchies/tennisclub/service/**/*.class]
13:41:23.342 [main] DEBUG o.s.c.i.s.PathMatchingResourcePatternResolver - Resolved location pattern [classpath*:com/frenchies/tennisclub/service/**/*.class] to resources [file [/home/val/Documents/M2_Masaryk/Java/Seminars/project/tennisClub/tennisclubproject/tennisclub-service/target/test-classes/com/frenchies/tennisclub/service/CourtServiceTest.class], file [/home/val/Documents/M2_Masaryk/Java/Seminars/project/tennisClub/tennisclubproject/tennisclub-service/target/test-classes/com/frenchies/tennisclub/service/BeanMappingServiceTest.class], file [/home/val/Documents/M2_Masaryk/Java/Seminars/project/tennisClub/tennisclubproject/tennisclub-service/target/test-classes/com/frenchies/tennisclub/service/BookingServiceTest.class], file [/home/val/Documents/M2_Masaryk/Java/Seminars/project/tennisClub/tennisclubproject/tennisclub-service/target/classes/com/frenchies/tennisclub/service/UserServiceImpl.class], file [/home/val/Documents/M2_Masaryk/Java/Seminars/project/tennisClub/tennisclubproject/tennisclub-service/target/classes/com/frenchies/tennisclub/service/config/ServiceConfiguration.class], file [/home/val/Documents/M2_Masaryk/Java/Seminars/project/tennisClub/tennisclubproject/tennisclub-service/target/classes/com/frenchies/tennisclub/service/config/ServiceConfiguration$DozerCustomConfig.class], file [/home/val/Documents/M2_Masaryk/Java/Seminars/project/tennisClub/tennisclubproject/tennisclub-service/target/classes/com/frenchies/tennisclub/service/BookingServiceImpl.class], file [/home/val/Documents/M2_Masaryk/Java/Seminars/project/tennisClub/tennisclubproject/tennisclub-service/target/classes/com/frenchies/tennisclub/service/UserService.class], file [/home/val/Documents/M2_Masaryk/Java/Seminars/project/tennisClub/tennisclubproject/tennisclub-service/target/classes/com/frenchies/tennisclub/service/facade/CourtFacadeImpl.class], file [/home/val/Documents/M2_Masaryk/Java/Seminars/project/tennisClub/tennisclubproject/tennisclub-service/target/classes/com/frenchies/tennisclub/service/facade/UserFacadeImpl.class], file [/home/val/Documents/M2_Masaryk/Java/Seminars/project/tennisClub/tennisclubproject/tennisclub-service/target/classes/com/frenchies/tennisclub/service/facade/BookingFacadeImpl.class], file [/home/val/Documents/M2_Masaryk/Java/Seminars/project/tennisClub/tennisclubproject/tennisclub-service/target/classes/com/frenchies/tennisclub/service/BookingService.class], file [/home/val/Documents/M2_Masaryk/Java/Seminars/project/tennisClub/tennisclubproject/tennisclub-service/target/classes/com/frenchies/tennisclub/service/TimeServiceImpl.class], file [/home/val/Documents/M2_Masaryk/Java/Seminars/project/tennisClub/tennisclubproject/tennisclub-service/target/classes/com/frenchies/tennisclub/service/CourtService.class], file [/home/val/Documents/M2_Masaryk/Java/Seminars/project/tennisClub/tennisclubproject/tennisclub-service/target/classes/com/frenchies/tennisclub/service/CourtServiceImpl.class], file [/home/val/Documents/M2_Masaryk/Java/Seminars/project/tennisClub/tennisclubproject/tennisclub-service/target/classes/com/frenchies/tennisclub/service/TimeService.class]]
13:41:23.360 [main] DEBUG o.s.c.a.ClassPathBeanDefinitionScanner - Identified candidate component class: file [/home/val/Documents/M2_Masaryk/Java/Seminars/project/tennisClub/tennisclubproject/tennisclub-service/target/classes/com/frenchies/tennisclub/service/UserServiceImpl.class]
13:41:23.362 [main] DEBUG o.s.c.a.ClassPathBeanDefinitionScanner - Identified candidate component class: file [/home/val/Documents/M2_Masaryk/Java/Seminars/project/tennisClub/tennisclubproject/tennisclub-service/target/classes/com/frenchies/tennisclub/service/BookingServiceImpl.class]
13:41:23.362 [main] DEBUG o.s.c.a.ClassPathBeanDefinitionScanner - Ignored because not a concrete top-level class: file [/home/val/Documents/M2_Masaryk/Java/Seminars/project/tennisClub/tennisclubproject/tennisclub-service/target/classes/com/frenchies/tennisclub/service/UserService.class]
13:41:23.363 [main] DEBUG o.s.c.a.ClassPathBeanDefinitionScanner - Identified candidate component class: file [/home/val/Documents/M2_Masaryk/Java/Seminars/project/tennisClub/tennisclubproject/tennisclub-service/target/classes/com/frenchies/tennisclub/service/facade/CourtFacadeImpl.class]
13:41:23.363 [main] DEBUG o.s.c.a.ClassPathBeanDefinitionScanner - Identified candidate component class: file [/home/val/Documents/M2_Masaryk/Java/Seminars/project/tennisClub/tennisclubproject/tennisclub-service/target/classes/com/frenchies/tennisclub/service/facade/UserFacadeImpl.class]
13:41:23.364 [main] DEBUG o.s.c.a.ClassPathBeanDefinitionScanner - Identified candidate component class: file [/home/val/Documents/M2_Masaryk/Java/Seminars/project/tennisClub/tennisclubproject/tennisclub-service/target/classes/com/frenchies/tennisclub/service/facade/BookingFacadeImpl.class]
13:41:23.364 [main] DEBUG o.s.c.a.ClassPathBeanDefinitionScanner - Ignored because not a concrete top-level class: file [/home/val/Documents/M2_Masaryk/Java/Seminars/project/tennisClub/tennisclubproject/tennisclub-service/target/classes/com/frenchies/tennisclub/service/BookingService.class]
13:41:23.365 [main] DEBUG o.s.c.a.ClassPathBeanDefinitionScanner - Identified candidate component class: file [/home/val/Documents/M2_Masaryk/Java/Seminars/project/tennisClub/tennisclubproject/tennisclub-service/target/classes/com/frenchies/tennisclub/service/TimeServiceImpl.class]
13:41:23.365 [main] DEBUG o.s.c.a.ClassPathBeanDefinitionScanner - Ignored because not a concrete top-level class: file [/home/val/Documents/M2_Masaryk/Java/Seminars/project/tennisClub/tennisclubproject/tennisclub-service/target/classes/com/frenchies/tennisclub/service/CourtService.class]
13:41:23.365 [main] DEBUG o.s.c.a.ClassPathBeanDefinitionScanner - Identified candidate component class: file [/home/val/Documents/M2_Masaryk/Java/Seminars/project/tennisClub/tennisclubproject/tennisclub-service/target/classes/com/frenchies/tennisclub/service/CourtServiceImpl.class]
13:41:23.365 [main] DEBUG o.s.c.a.ClassPathBeanDefinitionScanner - Ignored because not a concrete top-level class: file [/home/val/Documents/M2_Masaryk/Java/Seminars/project/tennisClub/tennisclubproject/tennisclub-service/target/classes/com/frenchies/tennisclub/service/TimeService.class]
13:41:23.367 [main] DEBUG o.s.c.i.s.PathMatchingResourcePatternResolver - Looking for matching resources in directory tree [/home/val/Documents/M2_Masaryk/Java/Seminars/project/tennisClub/tennisclubproject/tennisclub-service/target/classes/com/frenchies/tennisclub/service/facade]
13:41:23.367 [main] DEBUG o.s.c.i.s.PathMatchingResourcePatternResolver - Searching directory [/home/val/Documents/M2_Masaryk/Java/Seminars/project/tennisClub/tennisclubproject/tennisclub-service/target/classes/com/frenchies/tennisclub/service/facade] for files matching pattern [/home/val/Documents/M2_Masaryk/Java/Seminars/project/tennisClub/tennisclubproject/tennisclub-service/target/classes/com/frenchies/tennisclub/service/facade/**/*.class]
13:41:23.367 [main] DEBUG o.s.c.i.s.PathMatchingResourcePatternResolver - Resolved location pattern [classpath*:com/frenchies/tennisclub/service/facade/**/*.class] to resources [file [/home/val/Documents/M2_Masaryk/Java/Seminars/project/tennisClub/tennisclubproject/tennisclub-service/target/classes/com/frenchies/tennisclub/service/facade/CourtFacadeImpl.class], file [/home/val/Documents/M2_Masaryk/Java/Seminars/project/tennisClub/tennisclubproject/tennisclub-service/target/classes/com/frenchies/tennisclub/service/facade/UserFacadeImpl.class], file [/home/val/Documents/M2_Masaryk/Java/Seminars/project/tennisClub/tennisclubproject/tennisclub-service/target/classes/com/frenchies/tennisclub/service/facade/BookingFacadeImpl.class]]
13:41:23.367 [main] DEBUG o.s.c.a.ClassPathBeanDefinitionScanner - Identified candidate component class: file [/home/val/Documents/M2_Masaryk/Java/Seminars/project/tennisClub/tennisclubproject/tennisclub-service/target/classes/com/frenchies/tennisclub/service/facade/CourtFacadeImpl.class]
13:41:23.368 [main] DEBUG o.s.c.a.ClassPathBeanDefinitionScanner - Identified candidate component class: file [/home/val/Documents/M2_Masaryk/Java/Seminars/project/tennisClub/tennisclubproject/tennisclub-service/target/classes/com/frenchies/tennisclub/service/facade/UserFacadeImpl.class]
13:41:23.368 [main] DEBUG o.s.c.a.ClassPathBeanDefinitionScanner - Identified candidate component class: file [/home/val/Documents/M2_Masaryk/Java/Seminars/project/tennisClub/tennisclubproject/tennisclub-service/target/classes/com/frenchies/tennisclub/service/facade/BookingFacadeImpl.class]
13:41:23.392 [main] DEBUG o.s.core.env.StandardEnvironment - Adding [systemProperties] PropertySource with lowest search precedence
13:41:23.392 [main] DEBUG o.s.core.env.StandardEnvironment - Adding [systemEnvironment] PropertySource with lowest search precedence
13:41:23.393 [main] DEBUG o.s.core.env.StandardEnvironment - Initialized StandardEnvironment with PropertySources [systemProperties,systemEnvironment]
13:41:23.393 [main] DEBUG o.s.c.a.ClassPathBeanDefinitionScanner - JSR-330 'javax.inject.Named' annotation found and supported for component scanning
13:41:23.394 [main] DEBUG o.s.c.i.s.PathMatchingResourcePatternResolver - Looking for matching resources in directory tree [/home/val/Documents/M2_Masaryk/Java/Seminars/project/tennisClub/tennisclubproject/tennisclub-service/target/test-classes/com/frenchies/tennisclub]
13:41:23.394 [main] DEBUG o.s.c.i.s.PathMatchingResourcePatternResolver - Searching directory [/home/val/Documents/M2_Masaryk/Java/Seminars/project/tennisClub/tennisclubproject/tennisclub-service/target/test-classes/com/frenchies/tennisclub] for files matching pattern [/home/val/Documents/M2_Masaryk/Java/Seminars/project/tennisClub/tennisclubproject/tennisclub-service/target/test-classes/com/frenchies/tennisclub/**/*.class]
13:41:23.394 [main] DEBUG o.s.c.i.s.PathMatchingResourcePatternResolver - Searching directory [/home/val/Documents/M2_Masaryk/Java/Seminars/project/tennisClub/tennisclubproject/tennisclub-service/target/test-classes/com/frenchies/tennisclub/service] for files matching pattern [/home/val/Documents/M2_Masaryk/Java/Seminars/project/tennisClub/tennisclubproject/tennisclub-service/target/test-classes/com/frenchies/tennisclub/**/*.class]
13:41:23.395 [main] DEBUG o.s.c.i.s.PathMatchingResourcePatternResolver - Looking for matching resources in directory tree [/home/val/Documents/M2_Masaryk/Java/Seminars/project/tennisClub/tennisclubproject/tennisclub-service/target/classes/com/frenchies/tennisclub]
13:41:23.395 [main] DEBUG o.s.c.i.s.PathMatchingResourcePatternResolver - Searching directory [/home/val/Documents/M2_Masaryk/Java/Seminars/project/tennisClub/tennisclubproject/tennisclub-service/target/classes/com/frenchies/tennisclub] for files matching pattern [/home/val/Documents/M2_Masaryk/Java/Seminars/project/tennisClub/tennisclubproject/tennisclub-service/target/classes/com/frenchies/tennisclub/**/*.class]
13:41:23.395 [main] DEBUG o.s.c.i.s.PathMatchingResourcePatternResolver - Searching directory [/home/val/Documents/M2_Masaryk/Java/Seminars/project/tennisClub/tennisclubproject/tennisclub-service/target/classes/com/frenchies/tennisclub/service] for files matching pattern [/home/val/Documents/M2_Masaryk/Java/Seminars/project/tennisClub/tennisclubproject/tennisclub-service/target/classes/com/frenchies/tennisclub/**/*.class]
13:41:23.395 [main] DEBUG o.s.c.i.s.PathMatchingResourcePatternResolver - Searching directory [/home/val/Documents/M2_Masaryk/Java/Seminars/project/tennisClub/tennisclubproject/tennisclub-service/target/classes/com/frenchies/tennisclub/service/config] for files matching pattern [/home/val/Documents/M2_Masaryk/Java/Seminars/project/tennisClub/tennisclubproject/tennisclub-service/target/classes/com/frenchies/tennisclub/**/*.class]
13:41:23.396 [main] DEBUG o.s.c.i.s.PathMatchingResourcePatternResolver - Searching directory [/home/val/Documents/M2_Masaryk/Java/Seminars/project/tennisClub/tennisclubproject/tennisclub-service/target/classes/com/frenchies/tennisclub/service/facade] for files matching pattern [/home/val/Documents/M2_Masaryk/Java/Seminars/project/tennisClub/tennisclubproject/tennisclub-service/target/classes/com/frenchies/tennisclub/**/*.class]
13:41:23.397 [main] DEBUG o.s.c.i.s.PathMatchingResourcePatternResolver - Searching directory [/home/val/Documents/M2_Masaryk/Java/Seminars/project/tennisClub/tennisclubproject/tennisclub-service/target/classes/com/frenchies/tennisclub/mappers] for files matching pattern [/home/val/Documents/M2_Masaryk/Java/Seminars/project/tennisClub/tennisclubproject/tennisclub-service/target/classes/com/frenchies/tennisclub/**/*.class]
13:41:23.398 [main] DEBUG o.s.c.i.s.PathMatchingResourcePatternResolver - Looking for matching resources in jar file [file:/home/val/Documents/M2_Masaryk/Java/Seminars/project/tennisClub/tennisclubproject/tennisclub-api/target/tennisclub-api-1.0-SNAPSHOT.jar]
13:41:23.400 [main] DEBUG o.s.c.i.s.PathMatchingResourcePatternResolver - Looking for matching resources in jar file [file:/home/val/Documents/M2_Masaryk/Java/Seminars/project/tennisClub/tennisclubproject/tennisclub-persistence/target/tennisclub-persistence-1.0-SNAPSHOT.jar]
13:41:23.403 [main] DEBUG o.s.c.i.s.PathMatchingResourcePatternResolver - Resolved location pattern [classpath*:com/frenchies/tennisclub/**/*.class] to resources [file [/home/val/Documents/M2_Masaryk/Java/Seminars/project/tennisClub/tennisclubproject/tennisclub-service/target/test-classes/com/frenchies/tennisclub/service/CourtServiceTest.class], file [/home/val/Documents/M2_Masaryk/Java/Seminars/project/tennisClub/tennisclubproject/tennisclub-service/target/test-classes/com/frenchies/tennisclub/service/BeanMappingServiceTest.class], file [/home/val/Documents/M2_Masaryk/Java/Seminars/project/tennisClub/tennisclubproject/tennisclub-service/target/test-classes/com/frenchies/tennisclub/service/BookingServiceTest.class], file [/home/val/Documents/M2_Masaryk/Java/Seminars/project/tennisClub/tennisclubproject/tennisclub-service/target/classes/com/frenchies/tennisclub/service/UserServiceImpl.class], file [/home/val/Documents/M2_Masaryk/Java/Seminars/project/tennisClub/tennisclubproject/tennisclub-service/target/classes/com/frenchies/tennisclub/service/config/ServiceConfiguration.class], file [/home/val/Documents/M2_Masaryk/Java/Seminars/project/tennisClub/tennisclubproject/tennisclub-service/target/classes/com/frenchies/tennisclub/service/config/ServiceConfiguration$DozerCustomConfig.class], file [/home/val/Documents/M2_Masaryk/Java/Seminars/project/tennisClub/tennisclubproject/tennisclub-service/target/classes/com/frenchies/tennisclub/service/BookingServiceImpl.class], file [/home/val/Documents/M2_Masaryk/Java/Seminars/project/tennisClub/tennisclubproject/tennisclub-service/target/classes/com/frenchies/tennisclub/service/UserService.class], file [/home/val/Documents/M2_Masaryk/Java/Seminars/project/tennisClub/tennisclubproject/tennisclub-service/target/classes/com/frenchies/tennisclub/service/facade/CourtFacadeImpl.class], file [/home/val/Documents/M2_Masaryk/Java/Seminars/project/tennisClub/tennisclubproject/tennisclub-service/target/classes/com/frenchies/tennisclub/service/facade/UserFacadeImpl.class], file [/home/val/Documents/M2_Masaryk/Java/Seminars/project/tennisClub/tennisclubproject/tennisclub-service/target/classes/com/frenchies/tennisclub/service/facade/BookingFacadeImpl.class], file [/home/val/Documents/M2_Masaryk/Java/Seminars/project/tennisClub/tennisclubproject/tennisclub-service/target/classes/com/frenchies/tennisclub/service/BookingService.class], file [/home/val/Documents/M2_Masaryk/Java/Seminars/project/tennisClub/tennisclubproject/tennisclub-service/target/classes/com/frenchies/tennisclub/service/TimeServiceImpl.class], file [/home/val/Documents/M2_Masaryk/Java/Seminars/project/tennisClub/tennisclubproject/tennisclub-service/target/classes/com/frenchies/tennisclub/service/CourtService.class], file [/home/val/Documents/M2_Masaryk/Java/Seminars/project/tennisClub/tennisclubproject/tennisclub-service/target/classes/com/frenchies/tennisclub/service/CourtServiceImpl.class], file [/home/val/Documents/M2_Masaryk/Java/Seminars/project/tennisClub/tennisclubproject/tennisclub-service/target/classes/com/frenchies/tennisclub/service/TimeService.class], file [/home/val/Documents/M2_Masaryk/Java/Seminars/project/tennisClub/tennisclubproject/tennisclub-service/target/classes/com/frenchies/tennisclub/mappers/BeanMappingService.class], file [/home/val/Documents/M2_Masaryk/Java/Seminars/project/tennisClub/tennisclubproject/tennisclub-service/target/classes/com/frenchies/tennisclub/mappers/BeanMappingServiceImpl.class], URL [jar:file:/home/val/Documents/M2_Masaryk/Java/Seminars/project/tennisClub/tennisclubproject/tennisclub-api/target/tennisclub-api-1.0-SNAPSHOT.jar!/com/frenchies/tennisclub/dto/CourtCreateDTO.class], URL [jar:file:/home/val/Documents/M2_Masaryk/Java/Seminars/project/tennisClub/tennisclubproject/tennisclub-api/target/tennisclub-api-1.0-SNAPSHOT.jar!/com/frenchies/tennisclub/dto/BookingDTO.class], URL [jar:file:/home/val/Documents/M2_Masaryk/Java/Seminars/project/tennisClub/tennisclubproject/tennisclub-api/target/tennisclub-api-1.0-SNAPSHOT.jar!/com/frenchies/tennisclub/dto/UserUpdateDTO.class], URL [jar:file:/home/val/Documents/M2_Masaryk/Java/Seminars/project/tennisClub/tennisclubproject/tennisclub-api/target/tennisclub-api-1.0-SNAPSHOT.jar!/com/frenchies/tennisclub/dto/BookingCreateDTO.class], URL [jar:file:/home/val/Documents/M2_Masaryk/Java/Seminars/project/tennisClub/tennisclubproject/tennisclub-api/target/tennisclub-api-1.0-SNAPSHOT.jar!/com/frenchies/tennisclub/dto/UserAuthenticateDTO.class], URL [jar:file:/home/val/Documents/M2_Masaryk/Java/Seminars/project/tennisClub/tennisclubproject/tennisclub-api/target/tennisclub-api-1.0-SNAPSHOT.jar!/com/frenchies/tennisclub/dto/CourtDTO.class], URL [jar:file:/home/val/Documents/M2_Masaryk/Java/Seminars/project/tennisClub/tennisclubproject/tennisclub-api/target/tennisclub-api-1.0-SNAPSHOT.jar!/com/frenchies/tennisclub/dto/UserUpdatePasswordDTO.class], URL [jar:file:/home/val/Documents/M2_Masaryk/Java/Seminars/project/tennisClub/tennisclubproject/tennisclub-api/target/tennisclub-api-1.0-SNAPSHOT.jar!/com/frenchies/tennisclub/dto/UserDTO.class], URL [jar:file:/home/val/Documents/M2_Masaryk/Java/Seminars/project/tennisClub/tennisclubproject/tennisclub-api/target/tennisclub-api-1.0-SNAPSHOT.jar!/com/frenchies/tennisclub/facade/BookingFacade.class], URL [jar:file:/home/val/Documents/M2_Masaryk/Java/Seminars/project/tennisClub/tennisclubproject/tennisclub-api/target/tennisclub-api-1.0-SNAPSHOT.jar!/com/frenchies/tennisclub/facade/CourtFacade.class], URL [jar:file:/home/val/Documents/M2_Masaryk/Java/Seminars/project/tennisClub/tennisclubproject/tennisclub-api/target/tennisclub-api-1.0-SNAPSHOT.jar!/com/frenchies/tennisclub/facade/UserFacade.class], URL [jar:file:/home/val/Documents/M2_Masaryk/Java/Seminars/project/tennisClub/tennisclubproject/tennisclub-api/target/tennisclub-api-1.0-SNAPSHOT.jar!/com/frenchies/tennisclub/enums/Hour24.class], URL [jar:file:/home/val/Documents/M2_Masaryk/Java/Seminars/project/tennisClub/tennisclubproject/tennisclub-api/target/tennisclub-api-1.0-SNAPSHOT.jar!/com/frenchies/tennisclub/enums/CourtType.class], URL [jar:file:/home/val/Documents/M2_Masaryk/Java/Seminars/project/tennisClub/tennisclubproject/tennisclub-api/target/tennisclub-api-1.0-SNAPSHOT.jar!/com/frenchies/tennisclub/enums/Status.class], URL [jar:file:/home/val/Documents/M2_Masaryk/Java/Seminars/project/tennisClub/tennisclubproject/tennisclub-api/target/tennisclub-api-1.0-SNAPSHOT.jar!/com/frenchies/tennisclub/exceptions/UserAuthentificationException.class], URL [jar:file:/home/val/Documents/M2_Masaryk/Java/Seminars/project/tennisClub/tennisclubproject/tennisclub-persistence/target/tennisclub-persistence-1.0-SNAPSHOT.jar!/com/frenchies/tennisclub/entity/Booking.class], URL [jar:file:/home/val/Documents/M2_Masaryk/Java/Seminars/project/tennisClub/tennisclubproject/tennisclub-persistence/target/tennisclub-persistence-1.0-SNAPSHOT.jar!/com/frenchies/tennisclub/entity/User.class], URL [jar:file:/home/val/Documents/M2_Masaryk/Java/Seminars/project/tennisClub/tennisclubproject/tennisclub-persistence/target/tennisclub-persistence-1.0-SNAPSHOT.jar!/com/frenchies/tennisclub/entity/Court.class], URL [jar:file:/home/val/Documents/M2_Masaryk/Java/Seminars/project/tennisClub/tennisclubproject/tennisclub-persistence/target/tennisclub-persistence-1.0-SNAPSHOT.jar!/com/frenchies/tennisclub/enums/Hour24.class], URL [jar:file:/home/val/Documents/M2_Masaryk/Java/Seminars/project/tennisClub/tennisclubproject/tennisclub-persistence/target/tennisclub-persistence-1.0-SNAPSHOT.jar!/com/frenchies/tennisclub/enums/CourtType.class], URL [jar:file:/home/val/Documents/M2_Masaryk/Java/Seminars/project/tennisClub/tennisclubproject/tennisclub-persistence/target/tennisclub-persistence-1.0-SNAPSHOT.jar!/com/frenchies/tennisclub/enums/Status.class], URL [jar:file:/home/val/Documents/M2_Masaryk/Java/Seminars/project/tennisClub/tennisclubproject/tennisclub-persistence/target/tennisclub-persistence-1.0-SNAPSHOT.jar!/com/frenchies/tennisclub/PersistenceSampleApplicationContext.class], URL [jar:file:/home/val/Documents/M2_Masaryk/Java/Seminars/project/tennisClub/tennisclubproject/tennisclub-persistence/target/tennisclub-persistence-1.0-SNAPSHOT.jar!/com/frenchies/tennisclub/dao/UserDaoImpl.class], URL [jar:file:/home/val/Documents/M2_Masaryk/Java/Seminars/project/tennisClub/tennisclubproject/tennisclub-persistence/target/tennisclub-persistence-1.0-SNAPSHOT.jar!/com/frenchies/tennisclub/dao/BookingDaoImpl.class], URL [jar:file:/home/val/Documents/M2_Masaryk/Java/Seminars/project/tennisClub/tennisclubproject/tennisclub-persistence/target/tennisclub-persistence-1.0-SNAPSHOT.jar!/com/frenchies/tennisclub/dao/BookingDao.class], URL [jar:file:/home/val/Documents/M2_Masaryk/Java/Seminars/project/tennisClub/tennisclubproject/tennisclub-persistence/target/tennisclub-persistence-1.0-SNAPSHOT.jar!/com/frenchies/tennisclub/dao/UserDao.class], URL [jar:file:/home/val/Documents/M2_Masaryk/Java/Seminars/project/tennisClub/tennisclubproject/tennisclub-persistence/target/tennisclub-persistence-1.0-SNAPSHOT.jar!/com/frenchies/tennisclub/dao/CourtDaoImpl.class], URL [jar:file:/home/val/Documents/M2_Masaryk/Java/Seminars/project/tennisClub/tennisclubproject/tennisclub-persistence/target/tennisclub-persistence-1.0-SNAPSHOT.jar!/com/frenchies/tennisclub/dao/CourtDao.class]]
13:41:23.406 [main] DEBUG o.s.c.a.ClassPathBeanDefinitionScanner - Identified candidate component class: file [/home/val/Documents/M2_Masaryk/Java/Seminars/project/tennisClub/tennisclubproject/tennisclub-service/target/classes/com/frenchies/tennisclub/service/UserServiceImpl.class]
13:41:23.407 [main] DEBUG o.s.c.a.ClassPathBeanDefinitionScanner - Identified candidate component class: file [/home/val/Documents/M2_Masaryk/Java/Seminars/project/tennisClub/tennisclubproject/tennisclub-service/target/classes/com/frenchies/tennisclub/service/config/ServiceConfiguration.class]
13:41:23.408 [main] DEBUG o.s.c.a.ClassPathBeanDefinitionScanner - Identified candidate component class: file [/home/val/Documents/M2_Masaryk/Java/Seminars/project/tennisClub/tennisclubproject/tennisclub-service/target/classes/com/frenchies/tennisclub/service/BookingServiceImpl.class]
13:41:23.408 [main] DEBUG o.s.c.a.ClassPathBeanDefinitionScanner - Ignored because not a concrete top-level class: file [/home/val/Documents/M2_Masaryk/Java/Seminars/project/tennisClub/tennisclubproject/tennisclub-service/target/classes/com/frenchies/tennisclub/service/UserService.class]
13:41:23.408 [main] DEBUG o.s.c.a.ClassPathBeanDefinitionScanner - Identified candidate component class: file [/home/val/Documents/M2_Masaryk/Java/Seminars/project/tennisClub/tennisclubproject/tennisclub-service/target/classes/com/frenchies/tennisclub/service/facade/CourtFacadeImpl.class]
13:41:23.409 [main] DEBUG o.s.c.a.ClassPathBeanDefinitionScanner - Identified candidate component class: file [/home/val/Documents/M2_Masaryk/Java/Seminars/project/tennisClub/tennisclubproject/tennisclub-service/target/classes/com/frenchies/tennisclub/service/facade/UserFacadeImpl.class]
13:41:23.410 [main] DEBUG o.s.c.a.ClassPathBeanDefinitionScanner - Identified candidate component class: file [/home/val/Documents/M2_Masaryk/Java/Seminars/project/tennisClub/tennisclubproject/tennisclub-service/target/classes/com/frenchies/tennisclub/service/facade/BookingFacadeImpl.class]
13:41:23.410 [main] DEBUG o.s.c.a.ClassPathBeanDefinitionScanner - Ignored because not a concrete top-level class: file [/home/val/Documents/M2_Masaryk/Java/Seminars/project/tennisClub/tennisclubproject/tennisclub-service/target/classes/com/frenchies/tennisclub/service/BookingService.class]
13:41:23.410 [main] DEBUG o.s.c.a.ClassPathBeanDefinitionScanner - Identified candidate component class: file [/home/val/Documents/M2_Masaryk/Java/Seminars/project/tennisClub/tennisclubproject/tennisclub-service/target/classes/com/frenchies/tennisclub/service/TimeServiceImpl.class]
13:41:23.410 [main] DEBUG o.s.c.a.ClassPathBeanDefinitionScanner - Ignored because not a concrete top-level class: file [/home/val/Documents/M2_Masaryk/Java/Seminars/project/tennisClub/tennisclubproject/tennisclub-service/target/classes/com/frenchies/tennisclub/service/CourtService.class]
13:41:23.410 [main] DEBUG o.s.c.a.ClassPathBeanDefinitionScanner - Identified candidate component class: file [/home/val/Documents/M2_Masaryk/Java/Seminars/project/tennisClub/tennisclubproject/tennisclub-service/target/classes/com/frenchies/tennisclub/service/CourtServiceImpl.class]
13:41:23.411 [main] DEBUG o.s.c.a.ClassPathBeanDefinitionScanner - Ignored because not a concrete top-level class: file [/home/val/Documents/M2_Masaryk/Java/Seminars/project/tennisClub/tennisclubproject/tennisclub-service/target/classes/com/frenchies/tennisclub/service/TimeService.class]
13:41:23.411 [main] DEBUG o.s.c.a.ClassPathBeanDefinitionScanner - Ignored because not a concrete top-level class: file [/home/val/Documents/M2_Masaryk/Java/Seminars/project/tennisClub/tennisclubproject/tennisclub-service/target/classes/com/frenchies/tennisclub/mappers/BeanMappingService.class]
13:41:23.411 [main] DEBUG o.s.c.a.ClassPathBeanDefinitionScanner - Identified candidate component class: file [/home/val/Documents/M2_Masaryk/Java/Seminars/project/tennisClub/tennisclubproject/tennisclub-service/target/classes/com/frenchies/tennisclub/mappers/BeanMappingServiceImpl.class]
13:41:23.417 [main] DEBUG o.s.c.a.ClassPathBeanDefinitionScanner - Identified candidate component class: URL [jar:file:/home/val/Documents/M2_Masaryk/Java/Seminars/project/tennisClub/tennisclubproject/tennisclub-persistence/target/tennisclub-persistence-1.0-SNAPSHOT.jar!/com/frenchies/tennisclub/dao/UserDaoImpl.class]
13:41:23.418 [main] DEBUG o.s.c.a.ClassPathBeanDefinitionScanner - Identified candidate component class: URL [jar:file:/home/val/Documents/M2_Masaryk/Java/Seminars/project/tennisClub/tennisclubproject/tennisclub-persistence/target/tennisclub-persistence-1.0-SNAPSHOT.jar!/com/frenchies/tennisclub/dao/BookingDaoImpl.class]
13:41:23.418 [main] DEBUG o.s.c.a.ClassPathBeanDefinitionScanner - Identified candidate component class: URL [jar:file:/home/val/Documents/M2_Masaryk/Java/Seminars/project/tennisClub/tennisclubproject/tennisclub-persistence/target/tennisclub-persistence-1.0-SNAPSHOT.jar!/com/frenchies/tennisclub/dao/CourtDaoImpl.class]
13:41:23.447 [main] DEBUG o.s.c.a.ConfigurationClassBeanDefinitionReader - Registered bean definition for imported class 'org.springframework.transaction.annotation.ProxyTransactionManagementConfiguration'
13:41:23.448 [main] DEBUG o.s.c.a.ConfigurationClassBeanDefinitionReader - Registering bean definition for @Bean method org.springframework.transaction.annotation.ProxyTransactionManagementConfiguration.org.springframework.transaction.config.internalTransactionAdvisor()
13:41:23.449 [main] DEBUG o.s.c.a.ConfigurationClassBeanDefinitionReader - Registering bean definition for @Bean method org.springframework.transaction.annotation.ProxyTransactionManagementConfiguration.transactionAttributeSource()
13:41:23.449 [main] DEBUG o.s.c.a.ConfigurationClassBeanDefinitionReader - Registering bean definition for @Bean method org.springframework.transaction.annotation.ProxyTransactionManagementConfiguration.transactionInterceptor()
13:41:23.450 [main] DEBUG o.s.c.a.ConfigurationClassBeanDefinitionReader - Registered bean definition for imported class 'com.frenchies.tennisclub.PersistenceSampleApplicationContext'
13:41:23.451 [main] DEBUG o.s.c.a.ConfigurationClassBeanDefinitionReader - Registering bean definition for @Bean method com.frenchies.tennisclub.PersistenceSampleApplicationContext.transactionManager()
13:41:23.451 [main] DEBUG o.s.c.a.ConfigurationClassBeanDefinitionReader - Registering bean definition for @Bean method com.frenchies.tennisclub.PersistenceSampleApplicationContext.instrumentationLoadTimeWeaver()
13:41:23.452 [main] DEBUG o.s.c.a.ConfigurationClassBeanDefinitionReader - Registering bean definition for @Bean method com.frenchies.tennisclub.PersistenceSampleApplicationContext.localValidatorFactoryBean()
13:41:23.452 [main] DEBUG o.s.c.a.ConfigurationClassBeanDefinitionReader - Registering bean definition for @Bean method com.frenchies.tennisclub.PersistenceSampleApplicationContext.db()
13:41:23.453 [main] DEBUG o.s.c.a.ConfigurationClassBeanDefinitionReader - Registering bean definition for @Bean method com.frenchies.tennisclub.PersistenceSampleApplicationContext.entityManagerFactory()
13:41:23.461 [main] DEBUG o.s.core.env.StandardEnvironment - Adding [systemProperties] PropertySource with lowest search precedence
13:41:23.461 [main] DEBUG o.s.core.env.StandardEnvironment - Adding [systemEnvironment] PropertySource with lowest search precedence
13:41:23.461 [main] DEBUG o.s.core.env.StandardEnvironment - Initialized StandardEnvironment with PropertySources [systemProperties,systemEnvironment]
13:41:23.463 [main] DEBUG o.s.c.i.s.PathMatchingResourcePatternResolver - Looking for matching resources in jar file [file:/home/val/.m2/repository/org/springframework/data/spring-data-jpa/1.7.4.RELEASE/spring-data-jpa-1.7.4.RELEASE.jar]
13:41:23.471 [main] DEBUG o.s.c.i.s.PathMatchingResourcePatternResolver - Looking for matching resources in jar file [file:/home/val/.m2/repository/org/springframework/data/spring-data-commons/1.9.4.RELEASE/spring-data-commons-1.9.4.RELEASE.jar]
13:41:23.478 [main] DEBUG o.s.c.i.s.PathMatchingResourcePatternResolver - Resolved location pattern [classpath*:org/springframework/data/**/repository/support/**/*.class] to resources [URL [jar:file:/home/val/.m2/repository/org/springframework/data/spring-data-jpa/1.7.4.RELEASE/spring-data-jpa-1.7.4.RELEASE.jar!/org/springframework/data/jpa/repository/support/Querydsl$1.class], URL [jar:file:/home/val/.m2/repository/org/springframework/data/spring-data-jpa/1.7.4.RELEASE/spring-data-jpa-1.7.4.RELEASE.jar!/org/springframework/data/jpa/repository/support/CrudMethodMetadataPostProcessor$ThreadBoundTargetSource.class], URL [jar:file:/home/val/.m2/repository/org/springframework/data/spring-data-jpa/1.7.4.RELEASE/spring-data-jpa-1.7.4.RELEASE.jar!/org/springframework/data/jpa/repository/support/JpaPersistableEntityInformation.class], URL [jar:file:/home/val/.m2/repository/org/springframework/data/spring-data-jpa/1.7.4.RELEASE/spring-data-jpa-1.7.4.RELEASE.jar!/org/springframework/data/jpa/repository/support/PersistenceProvider$4.class], URL [jar:file:/home/val/.m2/repository/org/springframework/data/spring-data-jpa/1.7.4.RELEASE/spring-data-jpa-1.7.4.RELEASE.jar!/org/springframework/data/jpa/repository/support/CrudMethodMetadataPostProcessor.class], URL [jar:file:/home/val/.m2/repository/org/springframework/data/spring-data-jpa/1.7.4.RELEASE/spring-data-jpa-1.7.4.RELEASE.jar!/org/springframework/data/jpa/repository/support/CrudMethodMetadataPostProcessor$1.class], URL [jar:file:/home/val/.m2/repository/org/springframework/data/spring-data-jpa/1.7.4.RELEASE/spring-data-jpa-1.7.4.RELEASE.jar!/org/springframework/data/jpa/repository/support/JpaEntityInformation.class], URL [jar:file:/home/val/.m2/repository/org/springframework/data/spring-data-jpa/1.7.4.RELEASE/spring-data-jpa-1.7.4.RELEASE.jar!/org/springframework/data/jpa/repository/support/JpaMetamodelEntityInformation.class], URL [jar:file:/home/val/.m2/repository/org/springframework/data/spring-data-jpa/1.7.4.RELEASE/spring-data-jpa-1.7.4.RELEASE.jar!/org/springframework/data/jpa/repository/support/JpaMetamodelEntityInformation$IdMetadata.class], URL [jar:file:/home/val/.m2/repository/org/springframework/data/spring-data-jpa/1.7.4.RELEASE/spring-data-jpa-1.7.4.RELEASE.jar!/org/springframework/data/jpa/repository/support/JpaEntityInformationSupport.class], URL [jar:file:/home/val/.m2/repository/org/springframework/data/spring-data-jpa/1.7.4.RELEASE/spring-data-jpa-1.7.4.RELEASE.jar!/org/springframework/data/jpa/repository/support/PersistenceProvider$3.class], URL [jar:file:/home/val/.m2/repository/org/springframework/data/spring-data-jpa/1.7.4.RELEASE/spring-data-jpa-1.7.4.RELEASE.jar!/org/springframework/data/jpa/repository/support/QueryDslRepositorySupport.class], URL [jar:file:/home/val/.m2/repository/org/springframework/data/spring-data-jpa/1.7.4.RELEASE/spring-data-jpa-1.7.4.RELEASE.jar!/org/springframework/data/jpa/repository/support/JpaRepositoryFactory.class], URL [jar:file:/home/val/.m2/repository/org/springframework/data/spring-data-jpa/1.7.4.RELEASE/spring-data-jpa-1.7.4.RELEASE.jar!/org/springframework/data/jpa/repository/support/CrudMethodMetadataPostProcessor$DefaultCrudMethodMetadata.class], URL [jar:file:/home/val/.m2/repository/org/springframework/data/spring-data-jpa/1.7.4.RELEASE/spring-data-jpa-1.7.4.RELEASE.jar!/org/springframework/data/jpa/repository/support/PersistenceProvider.class], URL [jar:file:/home/val/.m2/repository/org/springframework/data/spring-data-jpa/1.7.4.RELEASE/spring-data-jpa-1.7.4.RELEASE.jar!/org/springframework/data/jpa/repository/support/SimpleJpaRepository.class], URL [jar:file:/home/val/.m2/repository/org/springframework/data/spring-data-jpa/1.7.4.RELEASE/spring-data-jpa-1.7.4.RELEASE.jar!/org/springframework/data/jpa/repository/support/CrudMethodMetadataPostProcessor$CrudMethodMetadataPopulatingMethodIntercceptor.class], URL [jar:file:/home/val/.m2/repository/org/springframework/data/spring-data-jpa/1.7.4.RELEASE/spring-data-jpa-1.7.4.RELEASE.jar!/org/springframework/data/jpa/repository/support/Querydsl.class], URL [jar:file:/home/val/.m2/repository/org/springframework/data/spring-data-jpa/1.7.4.RELEASE/spring-data-jpa-1.7.4.RELEASE.jar!/org/springframework/data/jpa/repository/support/CrudMethodMetadata.class], URL [jar:file:/home/val/.m2/repository/org/springframework/data/spring-data-jpa/1.7.4.RELEASE/spring-data-jpa-1.7.4.RELEASE.jar!/org/springframework/data/jpa/repository/support/EntityManagerBeanDefinitionRegistrarPostProcessor.class], URL [jar:file:/home/val/.m2/repository/org/springframework/data/spring-data-jpa/1.7.4.RELEASE/spring-data-jpa-1.7.4.RELEASE.jar!/org/springframework/data/jpa/repository/support/JpaMetamodelEntityInformation$IdentifierDerivingDirectFieldAccessFallbackBeanWrapper.class], URL [jar:file:/home/val/.m2/repository/org/springframework/data/spring-data-jpa/1.7.4.RELEASE/spring-data-jpa-1.7.4.RELEASE.jar!/org/springframework/data/jpa/repository/support/PersistenceProvider$1.class], URL [jar:file:/home/val/.m2/repository/org/springframework/data/spring-data-jpa/1.7.4.RELEASE/spring-data-jpa-1.7.4.RELEASE.jar!/org/springframework/data/jpa/repository/support/QueryDslJpaRepository.class], URL [jar:file:/home/val/.m2/repository/org/springframework/data/spring-data-jpa/1.7.4.RELEASE/spring-data-jpa-1.7.4.RELEASE.jar!/org/springframework/data/jpa/repository/support/PersistenceProvider$2.class], URL [jar:file:/home/val/.m2/repository/org/springframework/data/spring-data-jpa/1.7.4.RELEASE/spring-data-jpa-1.7.4.RELEASE.jar!/org/springframework/data/jpa/repository/support/JpaRepositoryFactoryBean.class], URL [jar:file:/home/val/.m2/repository/org/springframework/data/spring-data-jpa/1.7.4.RELEASE/spring-data-jpa-1.7.4.RELEASE.jar!/org/springframework/data/jpa/repository/support/PersistenceProvider$Constants.class], URL [jar:file:/home/val/.m2/repository/org/springframework/data/spring-data-jpa/1.7.4.RELEASE/spring-data-jpa-1.7.4.RELEASE.jar!/org/springframework/data/jpa/repository/support/SimpleJpaRepository$ByIdsSpecification.class], URL [jar:file:/home/val/.m2/repository/org/springframework/data/spring-data-commons/1.9.4.RELEASE/spring-data-commons-1.9.4.RELEASE.jar!/org/springframework/data/repository/support/Repositories$EmptyRepositoryFactoryInformation.class], URL [jar:file:/home/val/.m2/repository/org/springframework/data/spring-data-commons/1.9.4.RELEASE/spring-data-commons-1.9.4.RELEASE.jar!/org/springframework/data/repository/support/DomainClassPropertyEditorRegistrar.class], URL [jar:file:/home/val/.m2/repository/org/springframework/data/spring-data-commons/1.9.4.RELEASE/spring-data-commons-1.9.4.RELEASE.jar!/org/springframework/data/repository/support/CrudRepositoryInvoker.class], URL [jar:file:/home/val/.m2/repository/org/springframework/data/spring-data-commons/1.9.4.RELEASE/spring-data-commons-1.9.4.RELEASE.jar!/org/springframework/data/repository/support/Repositories.class], URL [jar:file:/home/val/.m2/repository/org/springframework/data/spring-data-commons/1.9.4.RELEASE/spring-data-commons-1.9.4.RELEASE.jar!/org/springframework/data/repository/support/ReflectionRepositoryInvoker.class], URL [jar:file:/home/val/.m2/repository/org/springframework/data/spring-data-commons/1.9.4.RELEASE/spring-data-commons-1.9.4.RELEASE.jar!/org/springframework/data/repository/support/DomainClassPropertyEditor.class], URL [jar:file:/home/val/.m2/repository/org/springframework/data/spring-data-commons/1.9.4.RELEASE/spring-data-commons-1.9.4.RELEASE.jar!/org/springframework/data/repository/support/DomainClassConverter.class]]
13:41:23.491 [main] DEBUG o.s.c.a.ClassPathScanningCandidateComponentProvider - Identified candidate component class: URL [jar:file:/home/val/.m2/repository/org/springframework/data/spring-data-jpa/1.7.4.RELEASE/spring-data-jpa-1.7.4.RELEASE.jar!/org/springframework/data/jpa/repository/support/JpaRepositoryFactory.class]
13:41:23.519 [main] DEBUG o.s.core.env.StandardEnvironment - Adding [systemProperties] PropertySource with lowest search precedence
13:41:23.519 [main] DEBUG o.s.core.env.StandardEnvironment - Adding [systemEnvironment] PropertySource with lowest search precedence
13:41:23.519 [main] DEBUG o.s.core.env.StandardEnvironment - Initialized StandardEnvironment with PropertySources [systemProperties,systemEnvironment]
13:41:23.522 [main] DEBUG o.s.c.i.s.PathMatchingResourcePatternResolver - Looking for matching resources in directory tree [/home/val/Documents/M2_Masaryk/Java/Seminars/project/tennisClub/tennisclubproject/tennisclub-service/target/test-classes/com/frenchies/tennisclub]
13:41:23.522 [main] DEBUG o.s.c.i.s.PathMatchingResourcePatternResolver - Searching directory [/home/val/Documents/M2_Masaryk/Java/Seminars/project/tennisClub/tennisclubproject/tennisclub-service/target/test-classes/com/frenchies/tennisclub] for files matching pattern [/home/val/Documents/M2_Masaryk/Java/Seminars/project/tennisClub/tennisclubproject/tennisclub-service/target/test-classes/com/frenchies/tennisclub/**/*.class]
13:41:23.522 [main] DEBUG o.s.c.i.s.PathMatchingResourcePatternResolver - Searching directory [/home/val/Documents/M2_Masaryk/Java/Seminars/project/tennisClub/tennisclubproject/tennisclub-service/target/test-classes/com/frenchies/tennisclub/service] for files matching pattern [/home/val/Documents/M2_Masaryk/Java/Seminars/project/tennisClub/tennisclubproject/tennisclub-service/target/test-classes/com/frenchies/tennisclub/**/*.class]
13:41:23.523 [main] DEBUG o.s.c.i.s.PathMatchingResourcePatternResolver - Looking for matching resources in directory tree [/home/val/Documents/M2_Masaryk/Java/Seminars/project/tennisClub/tennisclubproject/tennisclub-service/target/classes/com/frenchies/tennisclub]
13:41:23.523 [main] DEBUG o.s.c.i.s.PathMatchingResourcePatternResolver - Searching directory [/home/val/Documents/M2_Masaryk/Java/Seminars/project/tennisClub/tennisclubproject/tennisclub-service/target/classes/com/frenchies/tennisclub] for files matching pattern [/home/val/Documents/M2_Masaryk/Java/Seminars/project/tennisClub/tennisclubproject/tennisclub-service/target/classes/com/frenchies/tennisclub/**/*.class]
13:41:23.524 [main] DEBUG o.s.c.i.s.PathMatchingResourcePatternResolver - Searching directory [/home/val/Documents/M2_Masaryk/Java/Seminars/project/tennisClub/tennisclubproject/tennisclub-service/target/classes/com/frenchies/tennisclub/service] for files matching pattern [/home/val/Documents/M2_Masaryk/Java/Seminars/project/tennisClub/tennisclubproject/tennisclub-service/target/classes/com/frenchies/tennisclub/**/*.class]
13:41:23.524 [main] DEBUG o.s.c.i.s.PathMatchingResourcePatternResolver - Searching directory [/home/val/Documents/M2_Masaryk/Java/Seminars/project/tennisClub/tennisclubproject/tennisclub-service/target/classes/com/frenchies/tennisclub/service/config] for files matching pattern [/home/val/Documents/M2_Masaryk/Java/Seminars/project/tennisClub/tennisclubproject/tennisclub-service/target/classes/com/frenchies/tennisclub/**/*.class]
13:41:23.524 [main] DEBUG o.s.c.i.s.PathMatchingResourcePatternResolver - Searching directory [/home/val/Documents/M2_Masaryk/Java/Seminars/project/tennisClub/tennisclubproject/tennisclub-service/target/classes/com/frenchies/tennisclub/service/facade] for files matching pattern [/home/val/Documents/M2_Masaryk/Java/Seminars/project/tennisClub/tennisclubproject/tennisclub-service/target/classes/com/frenchies/tennisclub/**/*.class]
13:41:23.525 [main] DEBUG o.s.c.i.s.PathMatchingResourcePatternResolver - Searching directory [/home/val/Documents/M2_Masaryk/Java/Seminars/project/tennisClub/tennisclubproject/tennisclub-service/target/classes/com/frenchies/tennisclub/mappers] for files matching pattern [/home/val/Documents/M2_Masaryk/Java/Seminars/project/tennisClub/tennisclubproject/tennisclub-service/target/classes/com/frenchies/tennisclub/**/*.class]
13:41:23.526 [main] DEBUG o.s.c.i.s.PathMatchingResourcePatternResolver - Looking for matching resources in jar file [file:/home/val/Documents/M2_Masaryk/Java/Seminars/project/tennisClub/tennisclubproject/tennisclub-api/target/tennisclub-api-1.0-SNAPSHOT.jar]
13:41:23.528 [main] DEBUG o.s.c.i.s.PathMatchingResourcePatternResolver - Looking for matching resources in jar file [file:/home/val/Documents/M2_Masaryk/Java/Seminars/project/tennisClub/tennisclubproject/tennisclub-persistence/target/tennisclub-persistence-1.0-SNAPSHOT.jar]
13:41:23.529 [main] DEBUG o.s.c.i.s.PathMatchingResourcePatternResolver - Resolved location pattern [classpath*:com/frenchies/tennisclub/**/*.class] to resources [file [/home/val/Documents/M2_Masaryk/Java/Seminars/project/tennisClub/tennisclubproject/tennisclub-service/target/test-classes/com/frenchies/tennisclub/service/CourtServiceTest.class], file [/home/val/Documents/M2_Masaryk/Java/Seminars/project/tennisClub/tennisclubproject/tennisclub-service/target/test-classes/com/frenchies/tennisclub/service/BeanMappingServiceTest.class], file [/home/val/Documents/M2_Masaryk/Java/Seminars/project/tennisClub/tennisclubproject/tennisclub-service/target/test-classes/com/frenchies/tennisclub/service/BookingServiceTest.class], file [/home/val/Documents/M2_Masaryk/Java/Seminars/project/tennisClub/tennisclubproject/tennisclub-service/target/classes/com/frenchies/tennisclub/service/UserServiceImpl.class], file [/home/val/Documents/M2_Masaryk/Java/Seminars/project/tennisClub/tennisclubproject/tennisclub-service/target/classes/com/frenchies/tennisclub/service/config/ServiceConfiguration.class], file [/home/val/Documents/M2_Masaryk/Java/Seminars/project/tennisClub/tennisclubproject/tennisclub-service/target/classes/com/frenchies/tennisclub/service/config/ServiceConfiguration$DozerCustomConfig.class], file [/home/val/Documents/M2_Masaryk/Java/Seminars/project/tennisClub/tennisclubproject/tennisclub-service/target/classes/com/frenchies/tennisclub/service/BookingServiceImpl.class], file [/home/val/Documents/M2_Masaryk/Java/Seminars/project/tennisClub/tennisclubproject/tennisclub-service/target/classes/com/frenchies/tennisclub/service/UserService.class], file [/home/val/Documents/M2_Masaryk/Java/Seminars/project/tennisClub/tennisclubproject/tennisclub-service/target/classes/com/frenchies/tennisclub/service/facade/CourtFacadeImpl.class], file [/home/val/Documents/M2_Masaryk/Java/Seminars/project/tennisClub/tennisclubproject/tennisclub-service/target/classes/com/frenchies/tennisclub/service/facade/UserFacadeImpl.class], file [/home/val/Documents/M2_Masaryk/Java/Seminars/project/tennisClub/tennisclubproject/tennisclub-service/target/classes/com/frenchies/tennisclub/service/facade/BookingFacadeImpl.class], file [/home/val/Documents/M2_Masaryk/Java/Seminars/project/tennisClub/tennisclubproject/tennisclub-service/target/classes/com/frenchies/tennisclub/service/BookingService.class], file [/home/val/Documents/M2_Masaryk/Java/Seminars/project/tennisClub/tennisclubproject/tennisclub-service/target/classes/com/frenchies/tennisclub/service/TimeServiceImpl.class], file [/home/val/Documents/M2_Masaryk/Java/Seminars/project/tennisClub/tennisclubproject/tennisclub-service/target/classes/com/frenchies/tennisclub/service/CourtService.class], file [/home/val/Documents/M2_Masaryk/Java/Seminars/project/tennisClub/tennisclubproject/tennisclub-service/target/classes/com/frenchies/tennisclub/service/CourtServiceImpl.class], file [/home/val/Documents/M2_Masaryk/Java/Seminars/project/tennisClub/tennisclubproject/tennisclub-service/target/classes/com/frenchies/tennisclub/service/TimeService.class], file [/home/val/Documents/M2_Masaryk/Java/Seminars/project/tennisClub/tennisclubproject/tennisclub-service/target/classes/com/frenchies/tennisclub/mappers/BeanMappingService.class], file [/home/val/Documents/M2_Masaryk/Java/Seminars/project/tennisClub/tennisclubproject/tennisclub-service/target/classes/com/frenchies/tennisclub/mappers/BeanMappingServiceImpl.class], URL [jar:file:/home/val/Documents/M2_Masaryk/Java/Seminars/project/tennisClub/tennisclubproject/tennisclub-api/target/tennisclub-api-1.0-SNAPSHOT.jar!/com/frenchies/tennisclub/dto/CourtCreateDTO.class], URL [jar:file:/home/val/Documents/M2_Masaryk/Java/Seminars/project/tennisClub/tennisclubproject/tennisclub-api/target/tennisclub-api-1.0-SNAPSHOT.jar!/com/frenchies/tennisclub/dto/BookingDTO.class], URL [jar:file:/home/val/Documents/M2_Masaryk/Java/Seminars/project/tennisClub/tennisclubproject/tennisclub-api/target/tennisclub-api-1.0-SNAPSHOT.jar!/com/frenchies/tennisclub/dto/UserUpdateDTO.class], URL [jar:file:/home/val/Documents/M2_Masaryk/Java/Seminars/project/tennisClub/tennisclubproject/tennisclub-api/target/tennisclub-api-1.0-SNAPSHOT.jar!/com/frenchies/tennisclub/dto/BookingCreateDTO.class], URL [jar:file:/home/val/Documents/M2_Masaryk/Java/Seminars/project/tennisClub/tennisclubproject/tennisclub-api/target/tennisclub-api-1.0-SNAPSHOT.jar!/com/frenchies/tennisclub/dto/UserAuthenticateDTO.class], URL [jar:file:/home/val/Documents/M2_Masaryk/Java/Seminars/project/tennisClub/tennisclubproject/tennisclub-api/target/tennisclub-api-1.0-SNAPSHOT.jar!/com/frenchies/tennisclub/dto/CourtDTO.class], URL [jar:file:/home/val/Documents/M2_Masaryk/Java/Seminars/project/tennisClub/tennisclubproject/tennisclub-api/target/tennisclub-api-1.0-SNAPSHOT.jar!/com/frenchies/tennisclub/dto/UserUpdatePasswordDTO.class], URL [jar:file:/home/val/Documents/M2_Masaryk/Java/Seminars/project/tennisClub/tennisclubproject/tennisclub-api/target/tennisclub-api-1.0-SNAPSHOT.jar!/com/frenchies/tennisclub/dto/UserDTO.class], URL [jar:file:/home/val/Documents/M2_Masaryk/Java/Seminars/project/tennisClub/tennisclubproject/tennisclub-api/target/tennisclub-api-1.0-SNAPSHOT.jar!/com/frenchies/tennisclub/facade/BookingFacade.class], URL [jar:file:/home/val/Documents/M2_Masaryk/Java/Seminars/project/tennisClub/tennisclubproject/tennisclub-api/target/tennisclub-api-1.0-SNAPSHOT.jar!/com/frenchies/tennisclub/facade/CourtFacade.class], URL [jar:file:/home/val/Documents/M2_Masaryk/Java/Seminars/project/tennisClub/tennisclubproject/tennisclub-api/target/tennisclub-api-1.0-SNAPSHOT.jar!/com/frenchies/tennisclub/facade/UserFacade.class], URL [jar:file:/home/val/Documents/M2_Masaryk/Java/Seminars/project/tennisClub/tennisclubproject/tennisclub-api/target/tennisclub-api-1.0-SNAPSHOT.jar!/com/frenchies/tennisclub/enums/Hour24.class], URL [jar:file:/home/val/Documents/M2_Masaryk/Java/Seminars/project/tennisClub/tennisclubproject/tennisclub-api/target/tennisclub-api-1.0-SNAPSHOT.jar!/com/frenchies/tennisclub/enums/CourtType.class], URL [jar:file:/home/val/Documents/M2_Masaryk/Java/Seminars/project/tennisClub/tennisclubproject/tennisclub-api/target/tennisclub-api-1.0-SNAPSHOT.jar!/com/frenchies/tennisclub/enums/Status.class], URL [jar:file:/home/val/Documents/M2_Masaryk/Java/Seminars/project/tennisClub/tennisclubproject/tennisclub-api/target/tennisclub-api-1.0-SNAPSHOT.jar!/com/frenchies/tennisclub/exceptions/UserAuthentificationException.class], URL [jar:file:/home/val/Documents/M2_Masaryk/Java/Seminars/project/tennisClub/tennisclubproject/tennisclub-persistence/target/tennisclub-persistence-1.0-SNAPSHOT.jar!/com/frenchies/tennisclub/entity/Booking.class], URL [jar:file:/home/val/Documents/M2_Masaryk/Java/Seminars/project/tennisClub/tennisclubproject/tennisclub-persistence/target/tennisclub-persistence-1.0-SNAPSHOT.jar!/com/frenchies/tennisclub/entity/User.class], URL [jar:file:/home/val/Documents/M2_Masaryk/Java/Seminars/project/tennisClub/tennisclubproject/tennisclub-persistence/target/tennisclub-persistence-1.0-SNAPSHOT.jar!/com/frenchies/tennisclub/entity/Court.class], URL [jar:file:/home/val/Documents/M2_Masaryk/Java/Seminars/project/tennisClub/tennisclubproject/tennisclub-persistence/target/tennisclub-persistence-1.0-SNAPSHOT.jar!/com/frenchies/tennisclub/enums/Hour24.class], URL [jar:file:/home/val/Documents/M2_Masaryk/Java/Seminars/project/tennisClub/tennisclubproject/tennisclub-persistence/target/tennisclub-persistence-1.0-SNAPSHOT.jar!/com/frenchies/tennisclub/enums/CourtType.class], URL [jar:file:/home/val/Documents/M2_Masaryk/Java/Seminars/project/tennisClub/tennisclubproject/tennisclub-persistence/target/tennisclub-persistence-1.0-SNAPSHOT.jar!/com/frenchies/tennisclub/enums/Status.class], URL [jar:file:/home/val/Documents/M2_Masaryk/Java/Seminars/project/tennisClub/tennisclubproject/tennisclub-persistence/target/tennisclub-persistence-1.0-SNAPSHOT.jar!/com/frenchies/tennisclub/PersistenceSampleApplicationContext.class], URL [jar:file:/home/val/Documents/M2_Masaryk/Java/Seminars/project/tennisClub/tennisclubproject/tennisclub-persistence/target/tennisclub-persistence-1.0-SNAPSHOT.jar!/com/frenchies/tennisclub/dao/UserDaoImpl.class], URL [jar:file:/home/val/Documents/M2_Masaryk/Java/Seminars/project/tennisClub/tennisclubproject/tennisclub-persistence/target/tennisclub-persistence-1.0-SNAPSHOT.jar!/com/frenchies/tennisclub/dao/BookingDaoImpl.class], URL [jar:file:/home/val/Documents/M2_Masaryk/Java/Seminars/project/tennisClub/tennisclubproject/tennisclub-persistence/target/tennisclub-persistence-1.0-SNAPSHOT.jar!/com/frenchies/tennisclub/dao/BookingDao.class], URL [jar:file:/home/val/Documents/M2_Masaryk/Java/Seminars/project/tennisClub/tennisclubproject/tennisclub-persistence/target/tennisclub-persistence-1.0-SNAPSHOT.jar!/com/frenchies/tennisclub/dao/UserDao.class], URL [jar:file:/home/val/Documents/M2_Masaryk/Java/Seminars/project/tennisClub/tennisclubproject/tennisclub-persistence/target/tennisclub-persistence-1.0-SNAPSHOT.jar!/com/frenchies/tennisclub/dao/CourtDaoImpl.class], URL [jar:file:/home/val/Documents/M2_Masaryk/Java/Seminars/project/tennisClub/tennisclubproject/tennisclub-persistence/target/tennisclub-persistence-1.0-SNAPSHOT.jar!/com/frenchies/tennisclub/dao/CourtDao.class]]
13:41:23.548 [main] DEBUG o.s.c.a.ConfigurationClassBeanDefinitionReader - Registering bean definition for @Bean method com.frenchies.tennisclub.service.config.ServiceConfiguration.dozer()
13:41:23.630 [main] DEBUG o.s.c.a.ConfigurationClassEnhancer - Successfully enhanced com.frenchies.tennisclub.service.config.ServiceConfiguration; enhanced class name is: com.frenchies.tennisclub.service.config.ServiceConfiguration$$EnhancerBySpringCGLIB$$ee689edc
13:41:23.630 [main] DEBUG o.s.c.a.ConfigurationClassPostProcessor - Replacing bean definition 'serviceConfiguration' existing class name 'com.frenchies.tennisclub.service.config.ServiceConfiguration' with enhanced class name 'com.frenchies.tennisclub.service.config.ServiceConfiguration$$EnhancerBySpringCGLIB$$ee689edc'
13:41:23.636 [main] DEBUG o.s.c.a.ConfigurationClassEnhancer - Successfully enhanced org.springframework.transaction.annotation.ProxyTransactionManagementConfiguration; enhanced class name is: org.springframework.transaction.annotation.ProxyTransactionManagementConfiguration$$EnhancerBySpringCGLIB$$957f85c2
13:41:23.636 [main] DEBUG o.s.c.a.ConfigurationClassPostProcessor - Replacing bean definition 'org.springframework.transaction.annotation.ProxyTransactionManagementConfiguration' existing class name 'org.springframework.transaction.annotation.ProxyTransactionManagementConfiguration' with enhanced class name 'org.springframework.transaction.annotation.ProxyTransactionManagementConfiguration$$EnhancerBySpringCGLIB$$957f85c2'
13:41:23.640 [main] DEBUG o.s.c.a.ConfigurationClassEnhancer - Successfully enhanced com.frenchies.tennisclub.PersistenceSampleApplicationContext; enhanced class name is: com.frenchies.tennisclub.PersistenceSampleApplicationContext$$EnhancerBySpringCGLIB$$28258630
13:41:23.641 [main] DEBUG o.s.c.a.ConfigurationClassPostProcessor - Replacing bean definition 'com.frenchies.tennisclub.PersistenceSampleApplicationContext' existing class name 'com.frenchies.tennisclub.PersistenceSampleApplicationContext' with enhanced class name 'com.frenchies.tennisclub.PersistenceSampleApplicationContext$$EnhancerBySpringCGLIB$$28258630'
13:41:23.644 [main] DEBUG o.s.b.f.s.DefaultListableBeanFactory - Creating shared instance of singleton bean 'foo'
13:41:23.645 [main] DEBUG o.s.b.f.s.DefaultListableBeanFactory - Creating instance of bean 'foo'
13:41:23.646 [main] DEBUG o.s.b.f.s.DefaultListableBeanFactory - Eagerly caching bean 'foo' to allow for resolving potential circular references
13:41:23.646 [main] DEBUG o.s.b.f.s.DefaultListableBeanFactory - Finished creating instance of bean 'foo'
13:41:23.662 [main] DEBUG o.s.b.f.s.DefaultListableBeanFactory - Creating shared instance of singleton bean 'org.springframework.context.annotation.internalAutowiredAnnotationProcessor'
13:41:23.662 [main] DEBUG o.s.b.f.s.DefaultListableBeanFactory - Creating instance of bean 'org.springframework.context.annotation.internalAutowiredAnnotationProcessor'
13:41:23.663 [main] INFO  o.s.b.f.a.AutowiredAnnotationBeanPostProcessor - JSR-330 'javax.inject.Inject' annotation found and supported for autowiring
13:41:23.663 [main] DEBUG o.s.b.f.s.DefaultListableBeanFactory - Eagerly caching bean 'org.springframework.context.annotation.internalAutowiredAnnotationProcessor' to allow for resolving potential circular references
13:41:23.663 [main] DEBUG o.s.b.f.s.DefaultListableBeanFactory - Finished creating instance of bean 'org.springframework.context.annotation.internalAutowiredAnnotationProcessor'
13:41:23.664 [main] DEBUG o.s.b.f.s.DefaultListableBeanFactory - Creating shared instance of singleton bean 'org.springframework.context.annotation.internalRequiredAnnotationProcessor'
13:41:23.664 [main] DEBUG o.s.b.f.s.DefaultListableBeanFactory - Creating instance of bean 'org.springframework.context.annotation.internalRequiredAnnotationProcessor'
13:41:23.664 [main] DEBUG o.s.b.f.s.DefaultListableBeanFactory - Eagerly caching bean 'org.springframework.context.annotation.internalRequiredAnnotationProcessor' to allow for resolving potential circular references
13:41:23.664 [main] DEBUG o.s.b.f.s.DefaultListableBeanFactory - Finished creating instance of bean 'org.springframework.context.annotation.internalRequiredAnnotationProcessor'
13:41:23.664 [main] DEBUG o.s.b.f.s.DefaultListableBeanFactory - Creating shared instance of singleton bean 'org.springframework.context.annotation.internalCommonAnnotationProcessor'
13:41:23.664 [main] DEBUG o.s.b.f.s.DefaultListableBeanFactory - Creating instance of bean 'org.springframework.context.annotation.internalCommonAnnotationProcessor'
13:41:23.670 [main] DEBUG o.s.b.f.s.DefaultListableBeanFactory - Eagerly caching bean 'org.springframework.context.annotation.internalCommonAnnotationProcessor' to allow for resolving potential circular references
13:41:23.670 [main] DEBUG o.s.b.f.s.DefaultListableBeanFactory - Finished creating instance of bean 'org.springframework.context.annotation.internalCommonAnnotationProcessor'
13:41:23.671 [main] DEBUG o.s.b.f.s.DefaultListableBeanFactory - Creating shared instance of singleton bean 'org.springframework.context.annotation.internalPersistenceAnnotationProcessor'
13:41:23.671 [main] DEBUG o.s.b.f.s.DefaultListableBeanFactory - Creating instance of bean 'org.springframework.context.annotation.internalPersistenceAnnotationProcessor'
13:41:23.671 [main] DEBUG o.s.b.f.s.DefaultListableBeanFactory - Eagerly caching bean 'org.springframework.context.annotation.internalPersistenceAnnotationProcessor' to allow for resolving potential circular references
13:41:23.671 [main] DEBUG o.s.b.f.s.DefaultListableBeanFactory - Finished creating instance of bean 'org.springframework.context.annotation.internalPersistenceAnnotationProcessor'
13:41:23.671 [main] DEBUG o.s.b.f.s.DefaultListableBeanFactory - Creating shared instance of singleton bean 'org.springframework.context.annotation.ConfigurationClassPostProcessor.importAwareProcessor'
13:41:23.672 [main] DEBUG o.s.b.f.s.DefaultListableBeanFactory - Creating instance of bean 'org.springframework.context.annotation.ConfigurationClassPostProcessor.importAwareProcessor'
13:41:23.672 [main] DEBUG o.s.b.f.s.DefaultListableBeanFactory - Eagerly caching bean 'org.springframework.context.annotation.ConfigurationClassPostProcessor.importAwareProcessor' to allow for resolving potential circular references
13:41:23.672 [main] DEBUG o.s.b.f.s.DefaultListableBeanFactory - Finished creating instance of bean 'org.springframework.context.annotation.ConfigurationClassPostProcessor.importAwareProcessor'
13:41:23.672 [main] DEBUG o.s.b.f.s.DefaultListableBeanFactory - Creating shared instance of singleton bean 'org.springframework.context.annotation.ConfigurationClassPostProcessor.enhancedConfigurationProcessor'
13:41:23.672 [main] DEBUG o.s.b.f.s.DefaultListableBeanFactory - Creating instance of bean 'org.springframework.context.annotation.ConfigurationClassPostProcessor.enhancedConfigurationProcessor'
13:41:23.673 [main] DEBUG o.s.b.f.s.DefaultListableBeanFactory - Eagerly caching bean 'org.springframework.context.annotation.ConfigurationClassPostProcessor.enhancedConfigurationProcessor' to allow for resolving potential circular references
13:41:23.673 [main] DEBUG o.s.b.f.s.DefaultListableBeanFactory - Finished creating instance of bean 'org.springframework.context.annotation.ConfigurationClassPostProcessor.enhancedConfigurationProcessor'
13:41:23.673 [main] DEBUG o.s.b.f.s.DefaultListableBeanFactory - Creating shared instance of singleton bean 'org.springframework.data.repository.core.support.RepositoryInterfaceAwareBeanPostProcessor'
13:41:23.673 [main] DEBUG o.s.b.f.s.DefaultListableBeanFactory - Creating instance of bean 'org.springframework.data.repository.core.support.RepositoryInterfaceAwareBeanPostProcessor'
13:41:23.674 [main] DEBUG o.s.b.f.s.DefaultListableBeanFactory - Eagerly caching bean 'org.springframework.data.repository.core.support.RepositoryInterfaceAwareBeanPostProcessor' to allow for resolving potential circular references
13:41:23.674 [main] DEBUG o.s.b.f.s.DefaultListableBeanFactory - Finished creating instance of bean 'org.springframework.data.repository.core.support.RepositoryInterfaceAwareBeanPostProcessor'
13:41:23.674 [main] DEBUG o.s.b.f.s.DefaultListableBeanFactory - Creating shared instance of singleton bean 'org.springframework.aop.config.internalAutoProxyCreator'
13:41:23.674 [main] DEBUG o.s.b.f.s.DefaultListableBeanFactory - Creating instance of bean 'org.springframework.aop.config.internalAutoProxyCreator'
13:41:23.683 [main] DEBUG o.s.b.f.s.DefaultListableBeanFactory - Eagerly caching bean 'org.springframework.aop.config.internalAutoProxyCreator' to allow for resolving potential circular references
13:41:23.716 [main] DEBUG o.s.b.f.s.DefaultListableBeanFactory - Finished creating instance of bean 'org.springframework.aop.config.internalAutoProxyCreator'
13:41:23.718 [main] DEBUG o.s.c.s.GenericApplicationContext - Unable to locate MessageSource with name 'messageSource': using default [org.springframework.context.support.DelegatingMessageSource@45385f75]
13:41:23.721 [main] DEBUG o.s.c.s.GenericApplicationContext - Unable to locate ApplicationEventMulticaster with name 'applicationEventMulticaster': using default [org.springframework.context.event.SimpleApplicationEventMulticaster@9816741]
13:41:23.728 [main] DEBUG o.s.b.f.s.DefaultListableBeanFactory - Creating shared instance of singleton bean 'entityManagerFactory'
13:41:23.728 [main] DEBUG o.s.b.f.s.DefaultListableBeanFactory - Creating instance of bean 'entityManagerFactory'
13:41:23.731 [main] DEBUG o.s.b.f.s.DefaultListableBeanFactory - Creating shared instance of singleton bean 'com.frenchies.tennisclub.PersistenceSampleApplicationContext'
13:41:23.732 [main] DEBUG o.s.b.f.s.DefaultListableBeanFactory - Creating instance of bean 'com.frenchies.tennisclub.PersistenceSampleApplicationContext'
13:41:23.734 [main] DEBUG o.s.b.f.s.DefaultListableBeanFactory - Eagerly caching bean 'com.frenchies.tennisclub.PersistenceSampleApplicationContext' to allow for resolving potential circular references
13:41:23.741 [main] DEBUG o.s.b.f.s.DefaultListableBeanFactory - Creating shared instance of singleton bean 'org.springframework.transaction.config.internalTransactionAdvisor'
13:41:23.741 [main] DEBUG o.s.b.f.s.DefaultListableBeanFactory - Creating instance of bean 'org.springframework.transaction.config.internalTransactionAdvisor'
13:41:23.742 [main] DEBUG o.s.b.f.s.DefaultListableBeanFactory - Creating shared instance of singleton bean 'org.springframework.transaction.annotation.ProxyTransactionManagementConfiguration'
13:41:23.742 [main] DEBUG o.s.b.f.s.DefaultListableBeanFactory - Creating instance of bean 'org.springframework.transaction.annotation.ProxyTransactionManagementConfiguration'
13:41:23.750 [main] DEBUG o.s.b.f.annotation.InjectionMetadata - Registered injected element on class [org.springframework.transaction.annotation.ProxyTransactionManagementConfiguration$$EnhancerBySpringCGLIB$$957f85c2]: AutowiredMethodElement for void org.springframework.transaction.annotation.AbstractTransactionManagementConfiguration.setConfigurers(java.util.Collection)
13:41:23.751 [main] DEBUG o.s.b.f.s.DefaultListableBeanFactory - Eagerly caching bean 'org.springframework.transaction.annotation.ProxyTransactionManagementConfiguration' to allow for resolving potential circular references
13:41:23.751 [main] DEBUG o.s.b.f.annotation.InjectionMetadata - Processing injected element of bean 'org.springframework.transaction.annotation.ProxyTransactionManagementConfiguration': AutowiredMethodElement for void org.springframework.transaction.annotation.AbstractTransactionManagementConfiguration.setConfigurers(java.util.Collection)
13:41:23.759 [main] DEBUG o.s.b.f.s.DefaultListableBeanFactory - Returning cached instance of singleton bean 'org.springframework.context.annotation.ConfigurationClassPostProcessor.importRegistry'
13:41:23.759 [main] DEBUG o.s.a.f.a.BeanFactoryAdvisorRetrievalHelper - Skipping currently created advisor 'org.springframework.transaction.config.internalTransactionAdvisor'
13:41:23.761 [main] DEBUG o.s.b.f.s.DefaultListableBeanFactory - Finished creating instance of bean 'org.springframework.transaction.annotation.ProxyTransactionManagementConfiguration'
13:41:23.784 [main] DEBUG o.s.b.f.s.DefaultListableBeanFactory - Creating shared instance of singleton bean 'transactionAttributeSource'
13:41:23.785 [main] DEBUG o.s.b.f.s.DefaultListableBeanFactory - Creating instance of bean 'transactionAttributeSource'
13:41:23.785 [main] DEBUG o.s.b.f.s.DefaultListableBeanFactory - Returning cached instance of singleton bean 'org.springframework.transaction.annotation.ProxyTransactionManagementConfiguration'
13:41:23.786 [main] DEBUG o.s.b.f.s.DefaultListableBeanFactory - Eagerly caching bean 'transactionAttributeSource' to allow for resolving potential circular references
13:41:23.789 [main] DEBUG o.s.a.f.a.BeanFactoryAdvisorRetrievalHelper - Skipping currently created advisor 'org.springframework.transaction.config.internalTransactionAdvisor'
13:41:23.789 [main] DEBUG o.s.b.f.s.DefaultListableBeanFactory - Finished creating instance of bean 'transactionAttributeSource'
13:41:23.790 [main] DEBUG o.s.b.f.s.DefaultListableBeanFactory - Creating shared instance of singleton bean 'transactionInterceptor'
13:41:23.790 [main] DEBUG o.s.b.f.s.DefaultListableBeanFactory - Creating instance of bean 'transactionInterceptor'
13:41:23.790 [main] DEBUG o.s.b.f.s.DefaultListableBeanFactory - Returning cached instance of singleton bean 'org.springframework.transaction.annotation.ProxyTransactionManagementConfiguration'
13:41:23.794 [main] DEBUG o.s.b.f.s.DefaultListableBeanFactory - Returning cached instance of singleton bean 'transactionAttributeSource'
13:41:23.799 [main] DEBUG o.s.b.f.s.DefaultListableBeanFactory - Eagerly caching bean 'transactionInterceptor' to allow for resolving potential circular references
13:41:23.802 [main] DEBUG o.s.b.f.s.DefaultListableBeanFactory - Invoking afterPropertiesSet() on bean with name 'transactionInterceptor'
13:41:23.802 [main] DEBUG o.s.b.f.s.DefaultListableBeanFactory - Finished creating instance of bean 'transactionInterceptor'
13:41:23.803 [main] DEBUG o.s.b.f.s.DefaultListableBeanFactory - Eagerly caching bean 'org.springframework.transaction.config.internalTransactionAdvisor' to allow for resolving potential circular references
13:41:23.808 [main] DEBUG o.s.b.f.s.DefaultListableBeanFactory - Finished creating instance of bean 'org.springframework.transaction.config.internalTransactionAdvisor'
13:41:23.810 [main] DEBUG o.s.b.f.s.DefaultListableBeanFactory - Finished creating instance of bean 'com.frenchies.tennisclub.PersistenceSampleApplicationContext'
13:41:23.824 [main] DEBUG o.s.b.f.s.DefaultListableBeanFactory - Creating shared instance of singleton bean 'db'
13:41:23.824 [main] DEBUG o.s.b.f.s.DefaultListableBeanFactory - Creating instance of bean 'db'
13:41:23.825 [main] DEBUG o.s.b.f.s.DefaultListableBeanFactory - Returning cached instance of singleton bean 'com.frenchies.tennisclub.PersistenceSampleApplicationContext'
13:41:23.831 [main] INFO  o.s.j.d.e.EmbeddedDatabaseFactory - Creating embedded database 'testdb'
13:41:24.065 [main] DEBUG o.s.jdbc.datasource.DataSourceUtils - Fetching JDBC Connection from DataSource
[...]
13:41:26.543 [main] DEBUG o.h.e.j.i.LogicalConnectionImpl - Obtained JDBC connection
13:41:26.543 [main] DEBUG o.h.e.t.i.jdbc.JdbcTransaction - initial autocommit status: true
13:41:26.543 [main] DEBUG o.h.e.t.i.jdbc.JdbcTransaction - disabling autocommit
13:41:26.543 [main] DEBUG o.s.orm.jpa.JpaTransactionManager - Not exposing JPA transaction [org.hibernate.jpa.internal.EntityManagerImpl@68f6e55d] as JDBC transaction because JpaDialect [org.springframework.orm.jpa.DefaultJpaDialect@54e12f4c] does not support JDBC Connection retrieval
13:41:26.544 [main] INFO  o.s.t.c.t.TransactionContext - Began transaction (1) for test context [DefaultTestContext@6e0e5dec testClass = BeanMappingServiceTest, testInstance = com.frenchies.tennisclub.service.BeanMappingServiceTest@fcd6521, testMethod = mapping@BeanMappingServiceTest, testException = [null], mergedContextConfiguration = [MergedContextConfiguration@48a663e9 testClass = BeanMappingServiceTest, locations = '{}', classes = '{class com.frenchies.tennisclub.service.config.ServiceConfiguration}', contextInitializerClasses = '[]', activeProfiles = '{}', propertySourceLocations = '{}', propertySourceProperties = '{}', contextLoader = 'org.springframework.test.context.support.DelegatingSmartContextLoader', parent = [null]]]; transaction manager [org.springframework.orm.jpa.JpaTransactionManager@4d84049a]; rollback [true]
13:41:26.563 [main] DEBUG o.a.c.b.converters.BooleanConverter - Setting default value: false
13:41:26.563 [main] DEBUG o.a.c.b.converters.BooleanConverter - Converting 'Boolean' value 'false' to type 'Boolean'
13:41:26.563 [main] DEBUG o.a.c.b.converters.BooleanConverter -     No conversion required, value is already a Boolean
13:41:26.565 [main] DEBUG o.a.c.b.converters.ByteConverter - Setting default value: 0
13:41:26.565 [main] DEBUG o.a.c.b.converters.ByteConverter - Converting 'Integer' value '0' to type 'Byte'
13:41:26.566 [main] DEBUG o.a.c.b.converters.ByteConverter -     Converted to Byte value '0'
13:41:26.567 [main] DEBUG o.a.c.b.c.CharacterConverter - Setting default value:  
13:41:26.567 [main] DEBUG o.a.c.b.c.CharacterConverter - Converting 'Character' value ' ' to type 'Character'
13:41:26.567 [main] DEBUG o.a.c.b.c.CharacterConverter -     No conversion required, value is already a Character
13:41:26.568 [main] DEBUG o.a.c.b.converters.DoubleConverter - Setting default value: 0
13:41:26.568 [main] DEBUG o.a.c.b.converters.DoubleConverter - Converting 'Integer' value '0' to type 'Double'
13:41:26.568 [main] DEBUG o.a.c.b.converters.DoubleConverter -     Converted to Double value '0.0'
13:41:26.569 [main] DEBUG o.a.c.b.converters.FloatConverter - Setting default value: 0
13:41:26.569 [main] DEBUG o.a.c.b.converters.FloatConverter - Converting 'Integer' value '0' to type 'Float'
13:41:26.569 [main] DEBUG o.a.c.b.converters.FloatConverter -     Converted to Float value '0.0'
13:41:26.570 [main] DEBUG o.a.c.b.converters.IntegerConverter - Setting default value: 0
13:41:26.570 [main] DEBUG o.a.c.b.converters.IntegerConverter - Converting 'Integer' value '0' to type 'Integer'
13:41:26.570 [main] DEBUG o.a.c.b.converters.IntegerConverter -     No conversion required, value is already a Integer
13:41:26.571 [main] DEBUG o.a.c.b.converters.LongConverter - Setting default value: 0
13:41:26.571 [main] DEBUG o.a.c.b.converters.LongConverter - Converting 'Integer' value '0' to type 'Long'
13:41:26.571 [main] DEBUG o.a.c.b.converters.LongConverter -     Converted to Long value '0'
13:41:26.571 [main] DEBUG o.a.c.b.converters.ShortConverter - Setting default value: 0
13:41:26.571 [main] DEBUG o.a.c.b.converters.ShortConverter - Converting 'Integer' value '0' to type 'Short'
13:41:26.571 [main] DEBUG o.a.c.b.converters.ShortConverter -     Converted to Short value '0'
13:41:26.572 [main] DEBUG o.a.c.b.c.BigDecimalConverter - Setting default value: 0.0
13:41:26.572 [main] DEBUG o.a.c.b.c.BigDecimalConverter - Converting 'BigDecimal' value '0.0' to type 'BigDecimal'
13:41:26.572 [main] DEBUG o.a.c.b.c.BigDecimalConverter -     No conversion required, value is already a BigDecimal
13:41:26.572 [main] DEBUG o.a.c.b.c.BigIntegerConverter - Setting default value: 0
13:41:26.572 [main] DEBUG o.a.c.b.c.BigIntegerConverter - Converting 'BigInteger' value '0' to type 'BigInteger'
13:41:26.572 [main] DEBUG o.a.c.b.c.BigIntegerConverter -     No conversion required, value is already a BigInteger
13:41:26.572 [main] DEBUG o.a.c.b.converters.BooleanConverter - Setting default value: false
13:41:26.572 [main] DEBUG o.a.c.b.converters.BooleanConverter - Converting 'Boolean' value 'false' to type 'Boolean'
13:41:26.572 [main] DEBUG o.a.c.b.converters.BooleanConverter -     No conversion required, value is already a Boolean
13:41:26.573 [main] DEBUG o.a.c.b.converters.ByteConverter - Setting default value: 0
13:41:26.573 [main] DEBUG o.a.c.b.converters.ByteConverter - Converting 'Integer' value '0' to type 'Byte'
13:41:26.573 [main] DEBUG o.a.c.b.converters.ByteConverter -     Converted to Byte value '0'
13:41:26.573 [main] DEBUG o.a.c.b.c.CharacterConverter - Setting default value:  
13:41:26.573 [main] DEBUG o.a.c.b.c.CharacterConverter - Converting 'Character' value ' ' to type 'Character'
13:41:26.573 [main] DEBUG o.a.c.b.c.CharacterConverter -     No conversion required, value is already a Character
13:41:26.573 [main] DEBUG o.a.c.b.converters.DoubleConverter - Setting default value: 0
13:41:26.573 [main] DEBUG o.a.c.b.converters.DoubleConverter - Converting 'Integer' value '0' to type 'Double'
13:41:26.573 [main] DEBUG o.a.c.b.converters.DoubleConverter -     Converted to Double value '0.0'
13:41:26.573 [main] DEBUG o.a.c.b.converters.FloatConverter - Setting default value: 0
13:41:26.573 [main] DEBUG o.a.c.b.converters.FloatConverter - Converting 'Integer' value '0' to type 'Float'
13:41:26.573 [main] DEBUG o.a.c.b.converters.FloatConverter -     Converted to Float value '0.0'
13:41:26.573 [main] DEBUG o.a.c.b.converters.IntegerConverter - Setting default value: 0
13:41:26.573 [main] DEBUG o.a.c.b.converters.IntegerConverter - Converting 'Integer' value '0' to type 'Integer'
13:41:26.573 [main] DEBUG o.a.c.b.converters.IntegerConverter -     No conversion required, value is already a Integer
13:41:26.573 [main] DEBUG o.a.c.b.converters.LongConverter - Setting default value: 0
13:41:26.573 [main] DEBUG o.a.c.b.converters.LongConverter - Converting 'Integer' value '0' to type 'Long'
13:41:26.573 [main] DEBUG o.a.c.b.converters.LongConverter -     Converted to Long value '0'
13:41:26.573 [main] DEBUG o.a.c.b.converters.ShortConverter - Setting default value: 0
13:41:26.573 [main] DEBUG o.a.c.b.converters.ShortConverter - Converting 'Integer' value '0' to type 'Short'
13:41:26.573 [main] DEBUG o.a.c.b.converters.ShortConverter -     Converted to Short value '0'
13:41:26.573 [main] DEBUG o.a.c.b.converters.StringConverter - Setting default value: 
13:41:26.573 [main] DEBUG o.a.c.b.converters.StringConverter - Converting 'String' value '' to type 'String'
13:41:26.579 [main] DEBUG o.a.c.b.converters.ArrayConverter - Setting default value: [Z@4b0bd001
13:41:26.579 [main] DEBUG o.a.c.b.converters.ArrayConverter - Converting 'boolean[]' value '[Z@4b0bd001' to type 'boolean[]'
13:41:26.579 [main] DEBUG o.a.c.b.converters.ArrayConverter -     No conversion required, value is already a boolean[]
13:41:26.579 [main] DEBUG o.a.c.b.converters.ArrayConverter - Setting default value: [B@f9cab00
13:41:26.579 [main] DEBUG o.a.c.b.converters.ArrayConverter - Converting 'byte[]' value '[B@f9cab00' to type 'byte[]'
13:41:26.579 [main] DEBUG o.a.c.b.converters.ArrayConverter -     No conversion required, value is already a byte[]
13:41:26.579 [main] DEBUG o.a.c.b.converters.ArrayConverter - Setting default value: [C@10272bbb
13:41:26.579 [main] DEBUG o.a.c.b.converters.ArrayConverter - Converting 'char[]' value '[C@10272bbb' to type 'char[]'
13:41:26.579 [main] DEBUG o.a.c.b.converters.ArrayConverter -     No conversion required, value is already a char[]
13:41:26.579 [main] DEBUG o.a.c.b.converters.ArrayConverter - Setting default value: [D@36d33f4
13:41:26.579 [main] DEBUG o.a.c.b.converters.ArrayConverter - Converting 'double[]' value '[D@36d33f4' to type 'double[]'
13:41:26.579 [main] DEBUG o.a.c.b.converters.ArrayConverter -     No conversion required, value is already a double[]
13:41:26.579 [main] DEBUG o.a.c.b.converters.ArrayConverter - Setting default value: [F@16736040
13:41:26.579 [main] DEBUG o.a.c.b.converters.ArrayConverter - Converting 'float[]' value '[F@16736040' to type 'float[]'
13:41:26.579 [main] DEBUG o.a.c.b.converters.ArrayConverter -     No conversion required, value is already a float[]
13:41:26.579 [main] DEBUG o.a.c.b.converters.ArrayConverter - Setting default value: [I@7c5d1d25
13:41:26.579 [main] DEBUG o.a.c.b.converters.ArrayConverter - Converting 'int[]' value '[I@7c5d1d25' to type 'int[]'
13:41:26.579 [main] DEBUG o.a.c.b.converters.ArrayConverter -     No conversion required, value is already a int[]
13:41:26.579 [main] DEBUG o.a.c.b.converters.ArrayConverter - Setting default value: [J@550e9be6
13:41:26.579 [main] DEBUG o.a.c.b.converters.ArrayConverter - Converting 'long[]' value '[J@550e9be6' to type 'long[]'
13:41:26.579 [main] DEBUG o.a.c.b.converters.ArrayConverter -     No conversion required, value is already a long[]
13:41:26.579 [main] DEBUG o.a.c.b.converters.ArrayConverter - Setting default value: [S@3f96f020
13:41:26.579 [main] DEBUG o.a.c.b.converters.ArrayConverter - Converting 'short[]' value '[S@3f96f020' to type 'short[]'
13:41:26.579 [main] DEBUG o.a.c.b.converters.ArrayConverter -     No conversion required, value is already a short[]
13:41:26.579 [main] DEBUG o.a.c.b.converters.ArrayConverter - Setting default value: [Ljava.math.BigDecimal;@32eae6f2
13:41:26.579 [main] DEBUG o.a.c.b.converters.ArrayConverter - Converting 'BigDecimal[]' value '[Ljava.math.BigDecimal;@32eae6f2' to type 'BigDecimal[]'
13:41:26.579 [main] DEBUG o.a.c.b.converters.ArrayConverter -     No conversion required, value is already a BigDecimal[]
13:41:26.579 [main] DEBUG o.a.c.b.converters.ArrayConverter - Setting default value: [Ljava.math.BigInteger;@73a0f2b
13:41:26.579 [main] DEBUG o.a.c.b.converters.ArrayConverter - Converting 'BigInteger[]' value '[Ljava.math.BigInteger;@73a0f2b' to type 'BigInteger[]'
13:41:26.579 [main] DEBUG o.a.c.b.converters.ArrayConverter -     No conversion required, value is already a BigInteger[]
13:41:26.579 [main] DEBUG o.a.c.b.converters.ArrayConverter - Setting default value: [Ljava.lang.Boolean;@6a1d526c
13:41:26.579 [main] DEBUG o.a.c.b.converters.ArrayConverter - Converting 'Boolean[]' value '[Ljava.lang.Boolean;@6a1d526c' to type 'Boolean[]'
13:41:26.579 [main] DEBUG o.a.c.b.converters.ArrayConverter -     No conversion required, value is already a Boolean[]
13:41:26.579 [main] DEBUG o.a.c.b.converters.ArrayConverter - Setting default value: [Ljava.lang.Byte;@483b0690
13:41:26.579 [main] DEBUG o.a.c.b.converters.ArrayConverter - Converting 'Byte[]' value '[Ljava.lang.Byte;@483b0690' to type 'Byte[]'
13:41:26.579 [main] DEBUG o.a.c.b.converters.ArrayConverter -     No conversion required, value is already a Byte[]
13:41:26.579 [main] DEBUG o.a.c.b.converters.ArrayConverter - Setting default value: [Ljava.lang.Character;@687e6293
13:41:26.579 [main] DEBUG o.a.c.b.converters.ArrayConverter - Converting 'Character[]' value '[Ljava.lang.Character;@687e6293' to type 'Character[]'
13:41:26.579 [main] DEBUG o.a.c.b.converters.ArrayConverter -     No conversion required, value is already a Character[]
13:41:26.579 [main] DEBUG o.a.c.b.converters.ArrayConverter - Setting default value: [Ljava.lang.Double;@6870c3c2
13:41:26.579 [main] DEBUG o.a.c.b.converters.ArrayConverter - Converting 'Double[]' value '[Ljava.lang.Double;@6870c3c2' to type 'Double[]'
13:41:26.579 [main] DEBUG o.a.c.b.converters.ArrayConverter -     No conversion required, value is already a Double[]
13:41:26.579 [main] DEBUG o.a.c.b.converters.ArrayConverter - Setting default value: [Ljava.lang.Float;@1faf386c
13:41:26.579 [main] DEBUG o.a.c.b.converters.ArrayConverter - Converting 'Float[]' value '[Ljava.lang.Float;@1faf386c' to type 'Float[]'
13:41:26.579 [main] DEBUG o.a.c.b.converters.ArrayConverter -     No conversion required, value is already a Float[]
13:41:26.579 [main] DEBUG o.a.c.b.converters.ArrayConverter - Setting default value: [Ljava.lang.Integer;@6a5e167a
13:41:26.579 [main] DEBUG o.a.c.b.converters.ArrayConverter - Converting 'Integer[]' value '[Ljava.lang.Integer;@6a5e167a' to type 'Integer[]'
13:41:26.579 [main] DEBUG o.a.c.b.converters.ArrayConverter -     No conversion required, value is already a Integer[]
13:41:26.580 [main] DEBUG o.a.c.b.converters.ArrayConverter - Setting default value: [Ljava.lang.Long;@66a5755
13:41:26.580 [main] DEBUG o.a.c.b.converters.ArrayConverter - Converting 'Long[]' value '[Ljava.lang.Long;@66a5755' to type 'Long[]'
13:41:26.580 [main] DEBUG o.a.c.b.converters.ArrayConverter -     No conversion required, value is already a Long[]
13:41:26.580 [main] DEBUG o.a.c.b.converters.ArrayConverter - Setting default value: [Ljava.lang.Short;@6d6d480c
13:41:26.580 [main] DEBUG o.a.c.b.converters.ArrayConverter - Converting 'Short[]' value '[Ljava.lang.Short;@6d6d480c' to type 'Short[]'
13:41:26.580 [main] DEBUG o.a.c.b.converters.ArrayConverter -     No conversion required, value is already a Short[]
13:41:26.580 [main] DEBUG o.a.c.b.converters.ArrayConverter - Setting default value: [Ljava.lang.String;@5a917723
13:41:26.580 [main] DEBUG o.a.c.b.converters.ArrayConverter - Converting 'String[]' value '[Ljava.lang.String;@5a917723' to type 'String[]'
13:41:26.580 [main] DEBUG o.a.c.b.converters.ArrayConverter -     No conversion required, value is already a String[]
13:41:26.580 [main] DEBUG o.a.c.b.converters.ArrayConverter - Setting default value: [Ljava.lang.Class;@7e4579c7
13:41:26.580 [main] DEBUG o.a.c.b.converters.ArrayConverter - Converting 'Class[]' value '[Ljava.lang.Class;@7e4579c7' to type 'Class[]'
13:41:26.580 [main] DEBUG o.a.c.b.converters.ArrayConverter -     No conversion required, value is already a Class[]
13:41:26.580 [main] DEBUG o.a.c.b.converters.ArrayConverter - Setting default value: [Ljava.util.Date;@796f632b
13:41:26.580 [main] DEBUG o.a.c.b.converters.ArrayConverter - Converting 'Date[]' value '[Ljava.util.Date;@796f632b' to type 'Date[]'
13:41:26.580 [main] DEBUG o.a.c.b.converters.ArrayConverter -     No conversion required, value is already a Date[]
13:41:26.580 [main] DEBUG o.a.c.b.converters.ArrayConverter - Setting default value: [Ljava.util.Calendar;@cedee22
13:41:26.580 [main] DEBUG o.a.c.b.converters.ArrayConverter - Converting 'Calendar[]' value '[Ljava.util.Calendar;@cedee22' to type 'Calendar[]'
13:41:26.580 [main] DEBUG o.a.c.b.converters.ArrayConverter -     No conversion required, value is already a Calendar[]
13:41:26.580 [main] DEBUG o.a.c.b.converters.ArrayConverter - Setting default value: [Ljava.io.File;@5b47731f
13:41:26.580 [main] DEBUG o.a.c.b.converters.ArrayConverter - Converting 'java.io.File[]' value '[Ljava.io.File;@5b47731f' to type 'java.io.File[]'
13:41:26.580 [main] DEBUG o.a.c.b.converters.ArrayConverter -     No conversion required, value is already a java.io.File[]
13:41:26.580 [main] DEBUG o.a.c.b.converters.ArrayConverter - Setting default value: [Ljava.sql.Date;@40c2ce52
13:41:26.580 [main] DEBUG o.a.c.b.converters.ArrayConverter - Converting 'java.sql.Date[]' value '[Ljava.sql.Date;@40c2ce52' to type 'java.sql.Date[]'
13:41:26.580 [main] DEBUG o.a.c.b.converters.ArrayConverter -     No conversion required, value is already a java.sql.Date[]
13:41:26.580 [main] DEBUG o.a.c.b.converters.ArrayConverter - Setting default value: [Ljava.sql.Time;@60a7e509
13:41:26.580 [main] DEBUG o.a.c.b.converters.ArrayConverter - Converting 'java.sql.Time[]' value '[Ljava.sql.Time;@60a7e509' to type 'java.sql.Time[]'
13:41:26.580 [main] DEBUG o.a.c.b.converters.ArrayConverter -     No conversion required, value is already a java.sql.Time[]
13:41:26.580 [main] DEBUG o.a.c.b.converters.ArrayConverter - Setting default value: [Ljava.sql.Timestamp;@787508ca
13:41:26.580 [main] DEBUG o.a.c.b.converters.ArrayConverter - Converting 'java.sql.Timestamp[]' value '[Ljava.sql.Timestamp;@787508ca' to type 'java.sql.Timestamp[]'
13:41:26.580 [main] DEBUG o.a.c.b.converters.ArrayConverter -     No conversion required, value is already a java.sql.Timestamp[]
13:41:26.580 [main] DEBUG o.a.c.b.converters.ArrayConverter - Setting default value: [Ljava.net.URL;@6274670b
13:41:26.580 [main] DEBUG o.a.c.b.converters.ArrayConverter - Converting 'java.net.URL[]' value '[Ljava.net.URL;@6274670b' to type 'java.net.URL[]'
13:41:26.580 [main] DEBUG o.a.c.b.converters.ArrayConverter -     No conversion required, value is already a java.net.URL[]
13:41:26.607 [main] DEBUG org.dozer.fieldmap.FieldMap - Getting ready to invoke write method on the destination object. Dest Obj: UserDTO, Dest value: null
13:41:26.607 [main] DEBUG org.dozer.MappingProcessor - MAPPED: User.phone --> UserDTO.phone    VALUES: NULL --> NULL    MAPID: 
13:41:26.607 [main] DEBUG org.dozer.fieldmap.FieldMap - Getting ready to invoke write method on the destination object. Dest Obj: UserDTO, Dest value: null
13:41:26.607 [main] DEBUG org.dozer.MappingProcessor - MAPPED: User.surname --> UserDTO.surname    VALUES: NULL --> NULL    MAPID: 
13:41:26.608 [main] DEBUG org.dozer.fieldmap.FieldMap - Getting ready to invoke write method on the destination object. Dest Obj: UserDTO, Dest value: BOB
13:41:26.608 [main] DEBUG org.dozer.MappingProcessor - MAPPED: User.name --> UserDTO.name    VALUES: BOB --> BOB    MAPID: 
13:41:26.608 [main] DEBUG org.dozer.fieldmap.FieldMap - Getting ready to invoke write method on the destination object. Dest Obj: UserDTO, Dest value: null
13:41:26.608 [main] DEBUG org.dozer.MappingProcessor - MAPPED: User.dateOfBirth --> UserDTO.dateOfBirth    VALUES: NULL --> NULL    MAPID: 
13:41:26.608 [main] DEBUG org.dozer.fieldmap.FieldMap - Getting ready to invoke write method on the destination object. Dest Obj: UserDTO, Dest value: null
13:41:26.608 [main] DEBUG org.dozer.MappingProcessor - MAPPED: User.id --> UserDTO.id    VALUES: NULL --> NULL    MAPID: 
13:41:26.611 [main] DEBUG org.dozer.fieldmap.FieldMap - Getting ready to invoke write method on the destination object. Dest Obj: User, Dest value: null
13:41:26.611 [main] DEBUG org.dozer.MappingProcessor - MAPPED: UserDTO.phone --> User.phone    VALUES: NULL --> NULL    MAPID: 
13:41:26.611 [main] DEBUG org.dozer.fieldmap.FieldMap - Getting ready to invoke write method on the destination object. Dest Obj: User, Dest value: null
13:41:26.611 [main] DEBUG org.dozer.MappingProcessor - MAPPED: UserDTO.surname --> User.surname    VALUES: NULL --> NULL    MAPID: 
13:41:26.611 [main] DEBUG org.dozer.fieldmap.FieldMap - Getting ready to invoke write method on the destination object. Dest Obj: User, Dest value: BOB
13:41:26.611 [main] DEBUG org.dozer.MappingProcessor - MAPPED: UserDTO.name --> User.name    VALUES: BOB --> BOB    MAPID: 
13:41:26.611 [main] DEBUG org.dozer.fieldmap.FieldMap - Getting ready to invoke write method on the destination object. Dest Obj: User, Dest value: null
13:41:26.611 [main] DEBUG org.dozer.MappingProcessor - MAPPED: UserDTO.dateOfBirth --> User.dateOfBirth    VALUES: NULL --> NULL    MAPID: 
13:41:26.611 [main] DEBUG org.dozer.fieldmap.FieldMap - Getting ready to invoke write method on the destination object. Dest Obj: User, Dest value: null
13:41:26.611 [main] DEBUG org.dozer.MappingProcessor - MAPPED: UserDTO.id --> User.id    VALUES: NULL --> NULL    MAPID: 
]]></system-out>
  </testcase>
  <testcase name="getAllBookingsLastWeek" classname="com.frenchies.tennisclub.service.BookingServiceTest" time="0.013"/>
</testsuite>