-------------------------------------------------------------------------------
Test set: TestSuite
-------------------------------------------------------------------------------
Tests run: 31, Failures: 3, Errors: 0, Skipped: 23, Time elapsed: 3.598 sec <<< FAILURE! - in TestSuite
init(com.frenchies.tennisclub.service.UserServiceTest)  Time elapsed: 3.443 sec  <<< FAILURE!
javax.persistence.TransactionRequiredException: No transactional EntityManager available
	at org.springframework.orm.jpa.SharedEntityManagerCreator$SharedEntityManagerInvocationHandler.invoke(SharedEntityManagerCreator.java:275)
	at com.sun.proxy.$Proxy43.persist(Unknown Source)
	at com.frenchies.tennisclub.dao.CourtDaoImpl.create(CourtDaoImpl.java:28)
	at com.frenchies.tennisclub.service.CourtServiceImpl.createCourt(CourtServiceImpl.java:31)
	at com.frenchies.tennisclub.service.UserServiceTest.init(UserServiceTest.java:64)

authenticateTest(com.frenchies.tennisclub.facade.UserFacadeTest)  Time elapsed: 0.002 sec  <<< FAILURE!
java.lang.AssertionError: expected [true] but found [false]
	at org.testng.Assert.fail(Assert.java:94)
	at org.testng.Assert.failNotEquals(Assert.java:494)
	at org.testng.Assert.assertTrue(Assert.java:42)
	at org.testng.Assert.assertTrue(Assert.java:52)
	at com.frenchies.tennisclub.facade.UserFacadeTest.authenticateTest(UserFacadeTest.java:162)

isAdminTest(com.frenchies.tennisclub.facade.UserFacadeTest)  Time elapsed: 0.001 sec  <<< FAILURE!
java.lang.AssertionError: expected [true] but found [false]
	at org.testng.Assert.fail(Assert.java:94)
	at org.testng.Assert.failNotEquals(Assert.java:494)
	at org.testng.Assert.assertTrue(Assert.java:42)
	at org.testng.Assert.assertTrue(Assert.java:52)
	at com.frenchies.tennisclub.facade.UserFacadeTest.isAdminTest(UserFacadeTest.java:157)

