<?xml version="1.0" encoding="UTF-8"?>
<testng-results skipped="0" failed="0" total="3" passed="3">
  <reporter-output>
  </reporter-output>
  <suite name="Surefire suite" duration-ms="3921" started-at="2017-11-27T13:12:01Z" finished-at="2017-11-27T13:12:05Z">
    <groups>
    </groups>
    <test name="Surefire test" duration-ms="3921" started-at="2017-11-27T13:12:01Z" finished-at="2017-11-27T13:12:05Z">
      <class name="com.frenchies.tennisclub.service.CourtServiceTest">
        <test-method status="PASS" signature="springTestContextBeforeTestClass()[pri:0, instance:com.frenchies.tennisclub.service.CourtServiceTest@64485a47]" name="springTestContextBeforeTestClass" is-config="true" duration-ms="5" started-at="2017-11-27T14:12:01Z" finished-at="2017-11-27T14:12:01Z">
          <reporter-output>
          </reporter-output>
        </test-method> <!-- springTestContextBeforeTestClass -->
        <test-method status="PASS" signature="springTestContextPrepareTestInstance()[pri:0, instance:com.frenchies.tennisclub.service.CourtServiceTest@64485a47]" name="springTestContextPrepareTestInstance" is-config="true" duration-ms="3641" started-at="2017-11-27T14:12:01Z" depends-on-methods="org.springframework.test.context.testng.AbstractTestNGSpringContextTests.springTestContextBeforeTestClass" finished-at="2017-11-27T14:12:04Z">
          <reporter-output>
          </reporter-output>
        </test-method> <!-- springTestContextPrepareTestInstance -->
        <test-method status="PASS" signature="setup()[pri:0, instance:com.frenchies.tennisclub.service.CourtServiceTest@64485a47]" name="setup" is-config="true" duration-ms="98" started-at="2017-11-27T14:12:04Z" finished-at="2017-11-27T14:12:04Z">
          <reporter-output>
          </reporter-output>
        </test-method> <!-- setup -->
        <test-method status="PASS" signature="springTestContextBeforeTestMethod(java.lang.reflect.Method)[pri:0, instance:com.frenchies.tennisclub.service.CourtServiceTest@64485a47]" name="springTestContextBeforeTestMethod" is-config="true" duration-ms="61" started-at="2017-11-27T14:12:04Z" finished-at="2017-11-27T14:12:04Z">
          <params>
            <param index="0">
              <value>
                <![CDATA[public void com.frenchies.tennisclub.service.CourtServiceTest.changeCourtType() throws java.lang.IllegalArgumentException]]>
              </value>
            </param>
          </params>
          <reporter-output>
          </reporter-output>
        </test-method> <!-- springTestContextBeforeTestMethod -->
        <test-method status="PASS" signature="init()[pri:0, instance:com.frenchies.tennisclub.service.CourtServiceTest@64485a47]" name="init" is-config="true" duration-ms="65" started-at="2017-11-27T14:12:04Z" finished-at="2017-11-27T14:12:04Z">
          <reporter-output>
          </reporter-output>
        </test-method> <!-- init -->
        <test-method status="PASS" signature="changeCourtType()[pri:0, instance:com.frenchies.tennisclub.service.CourtServiceTest@64485a47]" name="changeCourtType" duration-ms="10" started-at="2017-11-27T14:12:04Z" finished-at="2017-11-27T14:12:04Z">
          <reporter-output>
          </reporter-output>
        </test-method> <!-- changeCourtType -->
        <test-method status="PASS" signature="springTestContextAfterTestMethod(java.lang.reflect.Method)[pri:0, instance:com.frenchies.tennisclub.service.CourtServiceTest@64485a47]" name="springTestContextAfterTestMethod" is-config="true" duration-ms="8" started-at="2017-11-27T14:12:04Z" finished-at="2017-11-27T14:12:04Z">
          <params>
            <param index="0">
              <value>
                <![CDATA[public void com.frenchies.tennisclub.service.CourtServiceTest.changeCourtType() throws java.lang.IllegalArgumentException]]>
              </value>
            </param>
          </params>
          <reporter-output>
          </reporter-output>
        </test-method> <!-- springTestContextAfterTestMethod -->
        <test-method status="PASS" signature="springTestContextBeforeTestMethod(java.lang.reflect.Method)[pri:0, instance:com.frenchies.tennisclub.service.CourtServiceTest@64485a47]" name="springTestContextBeforeTestMethod" is-config="true" duration-ms="4" started-at="2017-11-27T14:12:04Z" finished-at="2017-11-27T14:12:04Z">
          <params>
            <param index="0">
              <value>
                <![CDATA[public void com.frenchies.tennisclub.service.CourtServiceTest.create() throws java.lang.IllegalArgumentException]]>
              </value>
            </param>
          </params>
          <reporter-output>
          </reporter-output>
        </test-method> <!-- springTestContextBeforeTestMethod -->
        <test-method status="PASS" signature="init()[pri:0, instance:com.frenchies.tennisclub.service.CourtServiceTest@64485a47]" name="init" is-config="true" duration-ms="3" started-at="2017-11-27T14:12:04Z" finished-at="2017-11-27T14:12:04Z">
          <reporter-output>
          </reporter-output>
        </test-method> <!-- init -->
        <test-method status="PASS" signature="create()[pri:0, instance:com.frenchies.tennisclub.service.CourtServiceTest@64485a47]" name="create" duration-ms="1" started-at="2017-11-27T14:12:04Z" finished-at="2017-11-27T14:12:04Z">
          <reporter-output>
          </reporter-output>
        </test-method> <!-- create -->
        <test-method status="PASS" signature="springTestContextAfterTestMethod(java.lang.reflect.Method)[pri:0, instance:com.frenchies.tennisclub.service.CourtServiceTest@64485a47]" name="springTestContextAfterTestMethod" is-config="true" duration-ms="2" started-at="2017-11-27T14:12:04Z" finished-at="2017-11-27T14:12:04Z">
          <params>
            <param index="0">
              <value>
                <![CDATA[public void com.frenchies.tennisclub.service.CourtServiceTest.create() throws java.lang.IllegalArgumentException]]>
              </value>
            </param>
          </params>
          <reporter-output>
          </reporter-output>
        </test-method> <!-- springTestContextAfterTestMethod -->
        <test-method status="PASS" signature="springTestContextBeforeTestMethod(java.lang.reflect.Method)[pri:0, instance:com.frenchies.tennisclub.service.CourtServiceTest@64485a47]" name="springTestContextBeforeTestMethod" is-config="true" duration-ms="5" started-at="2017-11-27T14:12:04Z" finished-at="2017-11-27T14:12:04Z">
          <params>
            <param index="0">
              <value>
                <![CDATA[public void com.frenchies.tennisclub.service.CourtServiceTest.getById() throws java.lang.IllegalArgumentException]]>
              </value>
            </param>
          </params>
          <reporter-output>
          </reporter-output>
        </test-method> <!-- springTestContextBeforeTestMethod -->
        <test-method status="PASS" signature="init()[pri:0, instance:com.frenchies.tennisclub.service.CourtServiceTest@64485a47]" name="init" is-config="true" duration-ms="6" started-at="2017-11-27T14:12:04Z" finished-at="2017-11-27T14:12:04Z">
          <reporter-output>
          </reporter-output>
        </test-method> <!-- init -->
        <test-method status="PASS" signature="springTestContextAfterTestMethod(java.lang.reflect.Method)[pri:0, instance:com.frenchies.tennisclub.service.CourtServiceTest@64485a47]" name="springTestContextAfterTestMethod" is-config="true" duration-ms="3" started-at="2017-11-27T14:12:04Z" finished-at="2017-11-27T14:12:04Z">
          <params>
            <param index="0">
              <value>
                <![CDATA[public void com.frenchies.tennisclub.service.CourtServiceTest.getById() throws java.lang.IllegalArgumentException]]>
              </value>
            </param>
          </params>
          <reporter-output>
          </reporter-output>
        </test-method> <!-- springTestContextAfterTestMethod -->
        <test-method status="PASS" signature="getById()[pri:0, instance:com.frenchies.tennisclub.service.CourtServiceTest@64485a47]" name="getById" duration-ms="0" started-at="2017-11-27T14:12:04Z" finished-at="2017-11-27T14:12:04Z">
          <reporter-output>
          </reporter-output>
        </test-method> <!-- getById -->
        <test-method status="PASS" signature="springTestContextAfterTestClass()[pri:0, instance:com.frenchies.tennisclub.service.CourtServiceTest@64485a47]" name="springTestContextAfterTestClass" is-config="true" duration-ms="0" started-at="2017-11-27T14:12:04Z" finished-at="2017-11-27T14:12:04Z">
          <reporter-output>
          </reporter-output>
        </test-method> <!-- springTestContextAfterTestClass -->
      </class> <!-- com.frenchies.tennisclub.service.CourtServiceTest -->
    </test> <!-- Surefire test -->
  </suite> <!-- Surefire suite -->
</testng-results>
