<?xml version="1.0" encoding="UTF-8"?>
<!-- Generated by org.testng.reporters.JUnitXMLReporter -->
<testsuite hostname="cdore-HP-Spectre-Pro-x360-G1" name="Surefire test" tests="2" failures="0" timestamp="26 Nov 2017 19:44:35 GMT" time="4.107" errors="0">
  <testcase name="changeCourtType" time="0.011" classname="com.frenchies.tennisclub.service.CourtServiceTest"/>
  <testcase name="getAllBookingsLastWeek" time="0.014" classname="com.frenchies.tennisclub.service.BookingServiceTest"/>
</testsuite> <!-- Surefire test -->
