<?xml version="1.0" encoding="UTF-8"?>
<!-- Generated by org.testng.reporters.JUnitXMLReporter -->
<testsuite hostname="thomasmeon-Inspiron-5559" name="Surefire test" tests="4" failures="0" timestamp="27 Nov 2017 12:19:33 GMT" time="3.466" errors="0">
  <testcase name="testChangeTypeCourt" time="0.003" classname="com.frenchies.tennisclub.facade.CourtFacadeTest"/>
  <testcase name="testCreateCourt" time="0.004" classname="com.frenchies.tennisclub.facade.CourtFacadeTest"/>
  <testcase name="testGetAllCourts" time="0.001" classname="com.frenchies.tennisclub.facade.CourtFacadeTest"/>
  <testcase name="changeCourtType" time="0.007" classname="com.frenchies.tennisclub.service.CourtServiceTest"/>
</testsuite> <!-- Surefire test -->
