<?xml version="1.0" encoding="UTF-8"?>
<!-- Generated by org.testng.reporters.JUnitXMLReporter -->
<testsuite hostname="val-Inspiron-7548" name="Surefire test" tests="3" failures="1" timestamp="26 Nov 2017 12:41:26 GMT" time="3.49" errors="0">
  <testcase name="changeType" time="0.001" classname="com.frenchies.tennisclub.service.CourtServiceTest">
    <skipped/>
  </testcase> <!-- changeType -->
  <testcase name="mapping" time="0.068" classname="com.frenchies.tennisclub.service.BeanMappingServiceTest">
    <failure type="java.lang.AssertionError" message="expected [true] but found [false]">
      <![CDATA[java.lang.AssertionError: expected [true] but found [false]
	at com.frenchies.tennisclub.service.BeanMappingServiceTest.mapping(BeanMappingServiceTest.java:36)
	at org.springframework.test.context.testng.AbstractTestNGSpringContextTests.run(AbstractTestNGSpringContextTests.java:171)
... Removed 38 stack frames]]>
    </failure>
  </testcase> <!-- mapping -->
  <testcase name="getAllBookingsLastWeek" time="0.014" classname="com.frenchies.tennisclub.service.BookingServiceTest"/>
</testsuite> <!-- Surefire test -->
