<?xml version="1.0" encoding="UTF-8"?>
<!-- Generated by org.testng.reporters.JUnitXMLReporter -->
<testsuite hostname="cdore-HP-Spectre-Pro-x360-G1" name="Surefire test" tests="3" failures="0" timestamp="27 Nov 2017 13:12:05 GMT" time="3.921" errors="0">
  <testcase name="changeCourtType" time="0.01" classname="com.frenchies.tennisclub.service.CourtServiceTest"/>
  <testcase name="create" time="0.001" classname="com.frenchies.tennisclub.service.CourtServiceTest"/>
  <testcase name="getById" time="0.0" classname="com.frenchies.tennisclub.service.CourtServiceTest"/>
</testsuite> <!-- Surefire test -->
