<?xml version="1.0" encoding="UTF-8"?>
<!-- Generated by org.testng.reporters.JUnitXMLReporter -->
<testsuite hostname="cdore-HP-Spectre-Pro-x360-G1" name="Surefire test" tests="3" failures="0" timestamp="27 Nov 2017 12:18:58 GMT" time="4.251" errors="0">
  <testcase name="changeCourtType" time="0.006" classname="com.frenchies.tennisclub.service.CourtServiceTest"/>
  <testcase name="mapping" time="0.081" classname="com.frenchies.tennisclub.service.BeanMappingServiceTest"/>
  <testcase name="getAllBookingsLastWeek" time="0.011" classname="com.frenchies.tennisclub.service.BookingServiceTest"/>
</testsuite> <!-- Surefire test -->
